Removed Pin From Net: NetName=IO2 Pin=U?-4
Removed Pin From Net: NetName=IO6 Pin=U?-12
Removed Pin From Net: NetName=IO7 Pin=U?-13
Removed Pin From Net: NetName=IO8 Pin=U?-14
Removed Pin From Net: NetName=IO11 Pin=U?-15
Added Component: Designator=JP?(JP 2x4 CT)
Add component (AddParameter): Name = "Chung_Loai"; Value = "C?m"; VariantName = "[No Variations]"
Add component (AddParameter): Name = "Don_Vi"; Value = "Con"; VariantName = "[No Variations]"
Add component (AddParameter): Name = "Ghi_Chu"; Value = ""; VariantName = "[No Variations]"
Add component (AddParameter): Name = "Kieu_Chan"; Value = ""; VariantName = "[No Variations]"
Add component (AddParameter): Name = "Ma_Hang"; Value = "MH008647"; VariantName = "[No Variations]"
Add component (AddParameter): Name = "Ten_Linh_Kien"; Value = "Jump Ðôi Cái 2.54MM 2x20P Th?ng"; VariantName = "[No Variations]"
Added Pin To Net: NetName=IO2 Pin=U?-5
Added Pin To Net: NetName=IO18 Pin=U?-12
Added Pin To Net: NetName=IO19 Pin=U?-13
Added Pin To Net: NetName=IO23 Pin=U?-14
Change Net Name : Old Net Name=IO16/RS485-RX New Net Name=IO16
Change Net Name : Old Net Name=IO17/RS485-TX New Net Name=IO17
Added Pin To Net: NetName=IO4 Pin=U?-4
Added Pin To Net: NetName=IO4 Pin=U?-26
Added Net: Name=IO4
Added Pin To Net: NetName=IO5 Pin=U?-15
Added Pin To Net: NetName=IO5 Pin=U?-29
Added Net: Name=IO5
Add Net: Net with name "NetD?_1" already exists
Add Net: Net with name "NetIC?_1" already exists
Added Member To Class: ClassName=Gateway_Schematic Member=Component C? 1uF
Added Member To Class: ClassName=Gateway_Schematic Member=Component C? 10uF
Added Member To Class: ClassName=Gateway_Schematic Member=Component C? 4.7uF/25V/C0805/10%
Added Member To Class: ClassName=Gateway_Schematic Member=Component C? 0.1uF
Added Member To Class: ClassName=Gateway_Schematic Member=Component C? 22uF/25V/C0805/10%
Added Member To Class: ClassName=Gateway_Schematic Member=Component C? 10uF/25V/C0805/10%
Added Member To Class: ClassName=Gateway_Schematic Member=Component C? 0.1uF/25V/C0805/10%
Added Member To Class: ClassName=Gateway_Schematic Member=Component D? SS34
Added Member To Class: ClassName=Gateway_Schematic Member=Component IC? LM317
Added Member To Class: ClassName=Gateway_Schematic Member=Component JP? JP 2x4 2.54
Added Member To Class: ClassName=Gateway_Schematic Member=Component R? 390
Added Member To Class: ClassName=Gateway_Schematic Member=Component R? 0R/R0805/1%
Added Member To Class: ClassName=Gateway_Schematic Member=Component R? 220
Added Member To Class: ClassName=Gateway_Schematic Member=Component R? 240
Added Member To Class: ClassName=Gateway_Schematic Member=Component R? 750
Added Member To Class: ClassName=Gateway_Schematic Member=Component R? 240
Added Member To Class: ClassName=Gateway_Schematic Member=Component R? 10K/R0805/1%
Added Member To Class: ClassName=Gateway_Schematic Member=Component U? RA-02
