Removed Pin From Net: NetName=USB_DTR Pin=R7-1
Removed Pin From Net: NetName=NetQ1_2 Pin=R7-2
Removed Pin From Net: NetName=USB_RTS Pin=R11-1
Removed Pin From Net: NetName=NetQ2_2 Pin=R11-2
Change Component Footprint: Designator=R7 Old Footprint=tro vach 1/4w New Footprint=tro smd 2010
Change Component Footprint: Designator=R11 Old Footprint=tro vach 1/4w New Footprint=tro smd 2010
Change component parameters: Designator = "R7" ("R7"); Footprint = "tro vach 1/4w"; UniqueID = "\FPEKFBAF" ("\FPEKFBAF")
Change component parameters (AddParameter): Name = "Chung_Loai"; Value = "Dán"; VariantName = "[No Variations]"
Change component parameters (AddParameter): Name = "Don_Vi"; Value = "Con"; VariantName = "[No Variations]"
Change component parameters (AddParameter): Name = "Kieu_Chan"; Value = ""; VariantName = "[No Variations]"
Change component parameters (AddParameter): Name = "Ma_Hang"; Value = "MH005617"; VariantName = "[No Variations]"
Change component parameters (AddParameter): Name = "So_Chan"; Value = "2"; VariantName = "[No Variations]"
Change component parameters (AddParameter): Name = "Ten_Linh_Kien"; Value = "Tr? 2010 5% 103-10k"; VariantName = "[No Variations]"
Change component parameters: Designator = "R11" ("R11"); Footprint = "tro vach 1/4w"; UniqueID = "\EGBHIQVS" ("\EGBHIQVS")
Change component parameters (AddParameter): Name = "Chung_Loai"; Value = "Dán"; VariantName = "[No Variations]"
Change component parameters (AddParameter): Name = "Don_Vi"; Value = "Con"; VariantName = "[No Variations]"
Change component parameters (AddParameter): Name = "Kieu_Chan"; Value = ""; VariantName = "[No Variations]"
Change component parameters (AddParameter): Name = "Ma_Hang"; Value = "MH005617"; VariantName = "[No Variations]"
Change component parameters (AddParameter): Name = "So_Chan"; Value = "2"; VariantName = "[No Variations]"
Change component parameters (AddParameter): Name = "Ten_Linh_Kien"; Value = "Tr? 2010 5% 103-10k"; VariantName = "[No Variations]"
Added Pin To Net: NetName=NetQ1_2 Pin=R7-1
Added Pin To Net: NetName=USB_DTR Pin=R7-2
Added Pin To Net: NetName=NetQ2_2 Pin=R11-1
Added Pin To Net: NetName=USB_RTS Pin=R11-2
