Change Component Footprint: Designator=C9 Old Footprint=JP7-C1T New Footprint=JP7-C1C
Change Component Designator: OldDesignator= NewDesignator=C3
Change Component Designator: OldDesignator= NewDesignator=C7
Change Component Designator: OldDesignator= NewDesignator=C8
Change Component Designator: OldDesignator= NewDesignator=C13
Change Component Designator: OldDesignator= NewDesignator=C14
Change Component Designator: OldDesignator= NewDesignator=C16
Change Component Designator: OldDesignator= NewDesignator=C21
Change Component Designator: OldDesignator= NewDesignator=JP3
Change Component Designator: OldDesignator= NewDesignator=LED2
Change Component Designator: OldDesignator= NewDesignator=LED3
Change Component Designator: OldDesignator= NewDesignator=R2
Change Component Designator: OldDesignator= NewDesignator=R10
Change Component Designator: OldDesignator= NewDesignator=R12
Change Component Designator: OldDesignator= NewDesignator=R14
Change Component Designator: OldDesignator= NewDesignator=R15
Change Component Designator: OldDesignator= NewDesignator=R16
Change Component Designator: OldDesignator= NewDesignator=SW1
Change Component Designator: OldDesignator= NewDesignator=SW2
Added Pin To Net: NetName=GND Pin=C17-2
Added Pin To Net: NetName=GND Pin=C18-2
Added Pin To Net: NetName=GND Pin=C19-2
Added Pin To Net: NetName=GND Pin=C20-2
Added Member To Class: ClassName=Gateway_V2.0_Final_Schematic Member=Component C3 4.7uF
Added Member To Class: ClassName=Gateway_V2.0_Final_Schematic Member=Component C5 1000uF
Added Member To Class: ClassName=Gateway_V2.0_Final_Schematic Member=Component C7 1000uF
Added Member To Class: ClassName=Gateway_V2.0_Final_Schematic Member=Component C8 10uF
Added Member To Class: ClassName=Gateway_V2.0_Final_Schematic Member=Component C13 20pF
Added Member To Class: ClassName=Gateway_V2.0_Final_Schematic Member=Component C14 20pF
Added Member To Class: ClassName=Gateway_V2.0_Final_Schematic Member=Component C16 20pF
Added Member To Class: ClassName=Gateway_V2.0_Final_Schematic Member=Component C17 100nF
Added Member To Class: ClassName=Gateway_V2.0_Final_Schematic Member=Component C18 100nF
Added Member To Class: ClassName=Gateway_V2.0_Final_Schematic Member=Component C19 100nF
Added Member To Class: ClassName=Gateway_V2.0_Final_Schematic Member=Component C20 100nF
Added Member To Class: ClassName=Gateway_V2.0_Final_Schematic Member=Component C21 20pF
Added Member To Class: ClassName=Gateway_V2.0_Final_Schematic Member=Component JP3 JP 2x4 2.54
Added Member To Class: ClassName=Gateway_V2.0_Final_Schematic Member=Component LED2 LED 3mm
Added Member To Class: ClassName=Gateway_V2.0_Final_Schematic Member=Component LED3 LED 5mm
Added Member To Class: ClassName=Gateway_V2.0_Final_Schematic Member=Component R2 0R
Added Member To Class: ClassName=Gateway_V2.0_Final_Schematic Member=Component R10 1M
Added Member To Class: ClassName=Gateway_V2.0_Final_Schematic Member=Component R12 4.7k
Added Member To Class: ClassName=Gateway_V2.0_Final_Schematic Member=Component R14 1k
Added Member To Class: ClassName=Gateway_V2.0_Final_Schematic Member=Component R15 220R
Added Member To Class: ClassName=Gateway_V2.0_Final_Schematic Member=Component R16 220R
Added Member To Class: ClassName=Gateway_V2.0_Final_Schematic Member=Component SW1 RST
Added Member To Class: ClassName=Gateway_V2.0_Final_Schematic Member=Component SW2 FLASH
