Removed Pin From Net: NetName=3.3V_ESP Pin=R1-1
Removed Pin From Net: NetName=EN Pin=R1-2
Removed Pin From Net: NetName=3V3 Pin=R3-1
Removed Pin From Net: NetName=IO0 Pin=R3-2
Change Component Footprint: Designator=R1 Old Footprint=tro vach 1/4w New Footprint=tro smd 2010
Change Component Footprint: Designator=R3 Old Footprint=tro vach 1/4w New Footprint=tro smd 2010
Change Component Footprint: Designator=R13 Old Footprint=tro vach 1/4w New Footprint=tro smd 2010
Change component parameters: Designator = "R1" ("R1"); Footprint = "tro vach 1/4w"; UniqueID = "\AVQNWPFD" ("\AVQNWPFD")
Change component parameters (AddParameter): Name = "Chung_Loai"; Value = "Dán"; VariantName = "[No Variations]"
Change component parameters (AddParameter): Name = "Don_Vi"; Value = "Con"; VariantName = "[No Variations]"
Change component parameters (AddParameter): Name = "Kieu_Chan"; Value = ""; VariantName = "[No Variations]"
Change component parameters (AddParameter): Name = "Ma_Hang"; Value = "MH005617"; VariantName = "[No Variations]"
Change component parameters (AddParameter): Name = "So_Chan"; Value = "2"; VariantName = "[No Variations]"
Change component parameters (AddParameter): Name = "Ten_Linh_Kien"; Value = "Tr? 2010 5% 103-10k"; VariantName = "[No Variations]"
Change component parameters: Designator = "R3" ("R3"); Footprint = "tro vach 1/4w"; UniqueID = "\OKNMHFPG" ("\OKNMHFPG")
Change component parameters (AddParameter): Name = "Chung_Loai"; Value = "Dán"; VariantName = "[No Variations]"
Change component parameters (AddParameter): Name = "Don_Vi"; Value = "Con"; VariantName = "[No Variations]"
Change component parameters (AddParameter): Name = "Kieu_Chan"; Value = ""; VariantName = "[No Variations]"
Change component parameters (AddParameter): Name = "Ma_Hang"; Value = "MH005617"; VariantName = "[No Variations]"
Change component parameters (AddParameter): Name = "So_Chan"; Value = "2"; VariantName = "[No Variations]"
Change component parameters (AddParameter): Name = "Ten_Linh_Kien"; Value = "Tr? 2010 5% 103-10k"; VariantName = "[No Variations]"
Change component parameters: Designator = "R13" ("R13"); Footprint = "tro vach 1/4w"; UniqueID = "\OYWFBKED" ("\OYWFBKED")
Change component parameters (AddParameter): Name = "Chung_Loai"; Value = "Dán"; VariantName = "[No Variations]"
Change component parameters (AddParameter): Name = "Don_Vi"; Value = "Con"; VariantName = "[No Variations]"
Change component parameters (AddParameter): Name = "Kieu_Chan"; Value = ""; VariantName = "[No Variations]"
Change component parameters (AddParameter): Name = "Ma_Hang"; Value = "MH005617"; VariantName = "[No Variations]"
Change component parameters (AddParameter): Name = "So_Chan"; Value = "2"; VariantName = "[No Variations]"
Change component parameters (AddParameter): Name = "Ten_Linh_Kien"; Value = "Tr? 2010 5% 103-10k"; VariantName = "[No Variations]"
Added Pin To Net: NetName=EN Pin=R1-1
Added Pin To Net: NetName=3.3V_ESP Pin=R1-2
Added Pin To Net: NetName=IO0 Pin=R3-1
Added Pin To Net: NetName=3V3 Pin=R3-2
