Removed Pin From Net: NetName=3V3 Pin=C23-1
Removed Pin From Net: NetName=GND Pin=C23-2
Removed Pin From Net: NetName=RESET Pin=C24-1
Removed Pin From Net: NetName=GND Pin=C24-2
Removed Member From Class: ClassName=Gateway_V2.0_Final_Schematic Member=C23
Removed Member From Class: ClassName=Gateway_V2.0_Final_Schematic Member=C24
Change Component Designator: OldDesignator=C9 NewDesignator=C13
Change Component Designator: OldDesignator=C10 NewDesignator=C14
Change Component Designator: OldDesignator=C11 NewDesignator=C9
Change Component Designator: OldDesignator=C12 NewDesignator=C10
Change Component Designator: OldDesignator=C13 NewDesignator=C11
Change Component Designator: OldDesignator=C14 NewDesignator=C12
Change Component Designator: OldDesignator=C19 NewDesignator=C17
Change Component Designator: OldDesignator=C20 NewDesignator=C18
Change Component Designator: OldDesignator=C21 NewDesignator=C19
Change Component Designator: OldDesignator=C22 NewDesignator=C20
Added Component: Designator=C21(tu 0805)
Add component (AddParameter): Name = "Chung_Loai"; Value = "Dán"; VariantName = "[No Variations]"
Add component (AddParameter): Name = "Don_Vi"; Value = "Con"; VariantName = "[No Variations]"
Add component (AddParameter): Name = "Kieu_Chan"; Value = ""; VariantName = "[No Variations]"
Add component (AddParameter): Name = "Ma_Hang"; Value = "MH004558"; VariantName = "[No Variations]"
Add component (AddParameter): Name = "So_Chan"; Value = "2"; VariantName = "[No Variations]"
Add component (AddParameter): Name = "Ten_Linh_Kien"; Value = "T? 0805 20P 10% 50V"; VariantName = "[No Variations]"
Added Component: Designator=C22(tu 0805)
Add component (AddParameter): Name = "Chung_Loai"; Value = "Dán"; VariantName = "[No Variations]"
Add component (AddParameter): Name = "Don_Vi"; Value = "Con"; VariantName = "[No Variations]"
Add component (AddParameter): Name = "Kieu_Chan"; Value = ""; VariantName = "[No Variations]"
Add component (AddParameter): Name = "Ma_Hang"; Value = "MH004558"; VariantName = "[No Variations]"
Add component (AddParameter): Name = "So_Chan"; Value = "2"; VariantName = "[No Variations]"
Add component (AddParameter): Name = "Ten_Linh_Kien"; Value = "T? 0805 20P 10% 50V"; VariantName = "[No Variations]"
Added Pin To Net: NetName=3V3 Pin=C21-1
Added Pin To Net: NetName=GND Pin=C21-2
Added Pin To Net: NetName=RESET Pin=C22-1
Added Pin To Net: NetName=GND Pin=C22-2
Change Net Name : Old Net Name=NetC11_6 New Net Name=NetC9_6
Added Member To Class: ClassName=Gateway_V2.0_Final_Schematic Member=Component C15 20pF
Added Member To Class: ClassName=Gateway_V2.0_Final_Schematic Member=Component C21 20pF
Added Member To Class: ClassName=Gateway_V2.0_Final_Schematic Member=Component C22 20pF
