Removed Pin From Net: NetName=5V Pin=C3-1
Removed Pin From Net: NetName=GND Pin=C3-2
Removed Pin From Net: NetName=3V3 Pin=C4-1
Removed Pin From Net: NetName=GND Pin=C4-2
Removed Pin From Net: NetName=5V Pin=C5-1
Removed Pin From Net: NetName=GND Pin=C5-2
Removed Pin From Net: NetName=3.3V_ESP Pin=C6-1
Removed Pin From Net: NetName=GND Pin=C6-2
Removed Pin From Net: NetName=3.3V_ESP Pin=C7-1
Removed Pin From Net: NetName=GND Pin=C7-2
Removed Pin From Net: NetName=3.3V_ESP Pin=C8-1
Removed Pin From Net: NetName=GND Pin=C8-2
Removed Pin From Net: NetName=3.3V_ESP Pin=C9-1
Removed Pin From Net: NetName=GND Pin=C9-2
Removed Pin From Net: NetName=GND Pin=C11-2
Removed Member From Class: ClassName=Gateway_V2.0_Final_Schematic Member=C3
Removed Member From Class: ClassName=Gateway_V2.0_Final_Schematic Member=C4
Removed Member From Class: ClassName=Gateway_V2.0_Final_Schematic Member=C5
Removed Member From Class: ClassName=Gateway_V2.0_Final_Schematic Member=C6
Removed Member From Class: ClassName=Gateway_V2.0_Final_Schematic Member=C7
Removed Member From Class: ClassName=Gateway_V2.0_Final_Schematic Member=C8
Removed Member From Class: ClassName=Gateway_V2.0_Final_Schematic Member=C9
Removed Member From Class: ClassName=Gateway_V2.0_Final_Schematic Member=C11
Added Component: Designator=C?(tu nhom 4 (b))
Add component (AddParameter): Name = "Chung_Loai"; Value = "Dán"; VariantName = "[No Variations]"
Add component (AddParameter): Name = "Don_Vi"; Value = "Con"; VariantName = "[No Variations]"
Add component (AddParameter): Name = "Kieu_Chan"; Value = ""; VariantName = "[No Variations]"
Add component (AddParameter): Name = "Ma_Hang"; Value = "MH002230"; VariantName = "[No Variations]"
Add component (AddParameter): Name = "So_Chan"; Value = "2"; VariantName = "[No Variations]"
Add component (AddParameter): Name = "Ten_Linh_Kien"; Value = "T? Nhôm 10uF 25V 4x5MM"; VariantName = "[No Variations]"
Added Component: Designator=C?(tu nhom 4 (b))
Add component (AddParameter): Name = "Chung_Loai"; Value = "Dán"; VariantName = "[No Variations]"
Add component (AddParameter): Name = "Don_Vi"; Value = "Con"; VariantName = "[No Variations]"
Add component (AddParameter): Name = "Kieu_Chan"; Value = ""; VariantName = "[No Variations]"
Add component (AddParameter): Name = "Ma_Hang"; Value = "MH002230"; VariantName = "[No Variations]"
Add component (AddParameter): Name = "So_Chan"; Value = "2"; VariantName = "[No Variations]"
Add component (AddParameter): Name = "Ten_Linh_Kien"; Value = "T? Nhôm 10uF 25V 4x5MM"; VariantName = "[No Variations]"
Added Component: Designator=C?(tu 1206)
Add component (AddParameter): Name = "Chung_Loai"; Value = "Dán"; VariantName = "[No Variations]"
Add component (AddParameter): Name = "Don_Vi"; Value = "Con"; VariantName = "[No Variations]"
Add component (AddParameter): Name = "Kieu_Chan"; Value = ""; VariantName = "[No Variations]"
Add component (AddParameter): Name = "Ma_Hang"; Value = "MH004544"; VariantName = "[No Variations]"
Add component (AddParameter): Name = "So_Chan"; Value = "2"; VariantName = "[No Variations]"
Add component (AddParameter): Name = "Ten_Linh_Kien"; Value = "T? 1206 104-0.1uF 20% 50V"; VariantName = "[No Variations]"
Added Component: Designator=C?(tu nhom 10 (G))
Add component (AddParameter): Name = "Chung_Loai"; Value = "Dán"; VariantName = "[No Variations]"
Add component (AddParameter): Name = "Don_Vi"; Value = "Con"; VariantName = "[No Variations]"
Add component (AddParameter): Name = "Kieu_Chan"; Value = ""; VariantName = "[No Variations]"
Add component (AddParameter): Name = "Ma_Hang"; Value = "MH007515"; VariantName = "[No Variations]"
Add component (AddParameter): Name = "So_Chan"; Value = "2"; VariantName = "[No Variations]"
Add component (AddParameter): Name = "Ten_Linh_Kien"; Value = "T? Nhôm 1000uF 10V"; VariantName = "[No Variations]"
Added Component: Designator=C?(tu 1206)
Add component (AddParameter): Name = "Chung_Loai"; Value = "Dán"; VariantName = "[No Variations]"
Add component (AddParameter): Name = "Don_Vi"; Value = "Con"; VariantName = "[No Variations]"
Add component (AddParameter): Name = "Kieu_Chan"; Value = ""; VariantName = "[No Variations]"
Add component (AddParameter): Name = "Ma_Hang"; Value = "MH004544"; VariantName = "[No Variations]"
Add component (AddParameter): Name = "So_Chan"; Value = "2"; VariantName = "[No Variations]"
Add component (AddParameter): Name = "Ten_Linh_Kien"; Value = "T? 1206 104-0.1uF 20% 50V"; VariantName = "[No Variations]"
Added Component: Designator=C?(tu 1206)
Add component (AddParameter): Name = "Chung_Loai"; Value = "Dán"; VariantName = "[No Variations]"
Add component (AddParameter): Name = "Don_Vi"; Value = "Con"; VariantName = "[No Variations]"
Add component (AddParameter): Name = "Kieu_Chan"; Value = ""; VariantName = "[No Variations]"
Add component (AddParameter): Name = "Ma_Hang"; Value = "MH004544"; VariantName = "[No Variations]"
Add component (AddParameter): Name = "So_Chan"; Value = "2"; VariantName = "[No Variations]"
Add component (AddParameter): Name = "Ten_Linh_Kien"; Value = "T? 1206 104-0.1uF 20% 50V"; VariantName = "[No Variations]"
Added Component: Designator=C?(tu nhom 10 (G))
Add component (AddParameter): Name = "Chung_Loai"; Value = "Dán"; VariantName = "[No Variations]"
Add component (AddParameter): Name = "Don_Vi"; Value = "Con"; VariantName = "[No Variations]"
Add component (AddParameter): Name = "Kieu_Chan"; Value = ""; VariantName = "[No Variations]"
Add component (AddParameter): Name = "Ma_Hang"; Value = "MH007515"; VariantName = "[No Variations]"
Add component (AddParameter): Name = "So_Chan"; Value = "2"; VariantName = "[No Variations]"
Add component (AddParameter): Name = "Ten_Linh_Kien"; Value = "T? Nhôm 1000uF 10V"; VariantName = "[No Variations]"
Added Component: Designator=C?(tu 1206)
Add component (AddParameter): Name = "Chung_Loai"; Value = "Dán"; VariantName = "[No Variations]"
Add component (AddParameter): Name = "Don_Vi"; Value = "Con"; VariantName = "[No Variations]"
Add component (AddParameter): Name = "Kieu_Chan"; Value = ""; VariantName = "[No Variations]"
Add component (AddParameter): Name = "Ma_Hang"; Value = "MH004544"; VariantName = "[No Variations]"
Add component (AddParameter): Name = "So_Chan"; Value = "2"; VariantName = "[No Variations]"
Add component (AddParameter): Name = "Ten_Linh_Kien"; Value = "T? 1206 104-0.1uF 20% 50V"; VariantName = "[No Variations]"
Added Component: Designator=C?(tu 0805)
Add component (AddParameter): Name = "Chung_Loai"; Value = "Dán"; VariantName = "[No Variations]"
Add component (AddParameter): Name = "Don_Vi"; Value = "Con"; VariantName = "[No Variations]"
Add component (AddParameter): Name = "Kieu_Chan"; Value = ""; VariantName = "[No Variations]"
Add component (AddParameter): Name = "Ma_Hang"; Value = "MH004559"; VariantName = "[No Variations]"
Add component (AddParameter): Name = "So_Chan"; Value = "2"; VariantName = "[No Variations]"
Add component (AddParameter): Name = "Ten_Linh_Kien"; Value = "T? 0805 224-0.22uF 10% 50V"; VariantName = "[No Variations]"
Added Component: Designator=C?(tu 1206)
Add component (AddParameter): Name = "Chung_Loai"; Value = "Dán"; VariantName = "[No Variations]"
Add component (AddParameter): Name = "Don_Vi"; Value = "Con"; VariantName = "[No Variations]"
Add component (AddParameter): Name = "Kieu_Chan"; Value = ""; VariantName = "[No Variations]"
Add component (AddParameter): Name = "Ma_Hang"; Value = "MH004544"; VariantName = "[No Variations]"
Add component (AddParameter): Name = "So_Chan"; Value = "2"; VariantName = "[No Variations]"
Add component (AddParameter): Name = "Ten_Linh_Kien"; Value = "T? 1206 104-0.1uF 20% 50V"; VariantName = "[No Variations]"
Added Pin To Net: NetName=3.3V_ESP Pin=C?-1
Added Pin To Net: NetName=3.3V_ESP Pin=C?-1
Added Pin To Net: NetName=3.3V_ESP Pin=C?-1
Added Pin To Net: NetName=3V3 Pin=C?-1
Added Pin To Net: NetName=5V Pin=C?-1
Added Pin To Net: NetName=5V Pin=C?-1
Added Pin To Net: NetName=GND Pin=C?-1
Added Pin To Net: NetName=3.3V_ESP Pin=C?-2
Added Pin To Net: NetName=GND Pin=C?-2
Added Pin To Net: NetName=GND Pin=C?-2
Added Pin To Net: NetName=GND Pin=C?-2
Added Pin To Net: NetName=GND Pin=C?-2
Added Pin To Net: NetName=GND Pin=C?-2
Added Pin To Net: NetName=GND Pin=C?-2
Added Pin To Net: NetName=GND Pin=C?-2
Added Pin To Net: NetName=NetC?_1 Pin=C?-1
Added Pin To Net: NetName=NetC?_1 Pin=R6-1
Added Pin To Net: NetName=NetC?_1 Pin=SW1-2
Added Net: Name=NetC?_1
Added Member To Class: ClassName=Gateway_V2.0_Final_Schematic Member=Component C? 10uF
Added Member To Class: ClassName=Gateway_V2.0_Final_Schematic Member=Component C? 10uF
Added Member To Class: ClassName=Gateway_V2.0_Final_Schematic Member=Component C? 104
Added Member To Class: ClassName=Gateway_V2.0_Final_Schematic Member=Component C? 1000uF
Added Member To Class: ClassName=Gateway_V2.0_Final_Schematic Member=Component C? 104
Added Member To Class: ClassName=Gateway_V2.0_Final_Schematic Member=Component C? 104
Added Member To Class: ClassName=Gateway_V2.0_Final_Schematic Member=Component C? 1000uF
Added Member To Class: ClassName=Gateway_V2.0_Final_Schematic Member=Component C? 104
Added Member To Class: ClassName=Gateway_V2.0_Final_Schematic Member=Component C? 224
Added Member To Class: ClassName=Gateway_V2.0_Final_Schematic Member=Component C? 104
