Removed Pin From Net: NetName=VIN Pin=C4-1
Removed Pin From Net: NetName=GND Pin=C4-2
Removed Pin From Net: NetName=VIN Pin=C6-1
Removed Pin From Net: NetName=GND Pin=C6-2
Removed Member From Class: ClassName=Gateway_V2.0_Final_Schematic Member=C4
Removed Member From Class: ClassName=Gateway_V2.0_Final_Schematic Member=C6
Added Component: Designator=C?(tu tantalum smd7343)
Add component (AddParameter): Name = "Chung_Loai"; Value = "Dán"; VariantName = "[No Variations]"
Add component (AddParameter): Name = "Don_Vi"; Value = "Con"; VariantName = "[No Variations]"
Add component (AddParameter): Name = "Kieu_Chan"; Value = ""; VariantName = "[No Variations]"
Add component (AddParameter): Name = "Ma_Hang"; Value = "MH002346"; VariantName = "[No Variations]"
Add component (AddParameter): Name = "So_Chan"; Value = "2"; VariantName = "[No Variations]"
Add component (AddParameter): Name = "Ten_Linh_Kien"; Value = "T? tantalum 107C-100uF 16V SMD7343"; VariantName = "[No Variations]"
Added Component: Designator=C?(tu tantalum smd7343)
Add component (AddParameter): Name = "Chung_Loai"; Value = "Dán"; VariantName = "[No Variations]"
Add component (AddParameter): Name = "Don_Vi"; Value = "Con"; VariantName = "[No Variations]"
Add component (AddParameter): Name = "Kieu_Chan"; Value = ""; VariantName = "[No Variations]"
Add component (AddParameter): Name = "Ma_Hang"; Value = "MH002346"; VariantName = "[No Variations]"
Add component (AddParameter): Name = "So_Chan"; Value = "2"; VariantName = "[No Variations]"
Add component (AddParameter): Name = "Ten_Linh_Kien"; Value = "T? tantalum 107C-100uF 16V SMD7343"; VariantName = "[No Variations]"
Added Pin To Net: NetName=VIN Pin=C?-1
Added Pin To Net: NetName=VIN Pin=C?-1
Added Pin To Net: NetName=GND Pin=C?-2
Added Pin To Net: NetName=GND Pin=C?-2
Added Member To Class: ClassName=Gateway_V2.0_Final_Schematic Member=Component C? 100uF
Added Member To Class: ClassName=Gateway_V2.0_Final_Schematic Member=Component C? 100uF
