Removed Pin From Net: NetName=5V Pin=C5-1
Removed Pin From Net: NetName=3V3 Pin=C6-1
Removed Pin From Net: NetName=3V3 Pin=C7-1
Removed Pin From Net: NetName=5V Pin=D4-2
Removed Pin From Net: NetName=5V Pin=U5-1
Removed Pin From Net: NetName=5V Pin=U5-3
Removed Pin From Net: NetName=3V3 Pin=U5-5
Added Component: Designator=JP6(JP 2x4 CT)
Add component (AddParameter): Name = "Chung_Loai"; Value = "C?m"; VariantName = "[No Variations]"
Add component (AddParameter): Name = "Don_Vi"; Value = "Con"; VariantName = "[No Variations]"
Add component (AddParameter): Name = "Ghi_Chu"; Value = ""; VariantName = "[No Variations]"
Add component (AddParameter): Name = "Kieu_Chan"; Value = ""; VariantName = "[No Variations]"
Add component (AddParameter): Name = "Ma_Hang"; Value = "MH008647"; VariantName = "[No Variations]"
Add component (AddParameter): Name = "Ten_Linh_Kien"; Value = "Jump Ðôi Cái 2.54MM 2x20P Th?ng"; VariantName = "[No Variations]"
Added Pin To Net: NetName=5V Pin=JP6-1
Added Pin To Net: NetName=5V Pin=JP6-2
Added Pin To Net: NetName=5V Pin=JP6-3
Added Pin To Net: NetName=GND Pin=JP6-4
Added Pin To Net: NetName=GND Pin=JP6-5
Added Pin To Net: NetName=3V3 Pin=JP6-6
Added Pin To Net: NetName=3V3 Pin=JP6-7
Added Pin To Net: NetName=3V3 Pin=JP6-8
Added Pin To Net: NetName=3V3_U Pin=C6-1
Added Pin To Net: NetName=3V3_U Pin=C7-1
Added Pin To Net: NetName=3V3_U Pin=U5-5
Added Net: Name=3V3_U
Added Pin To Net: NetName=5V_U Pin=C5-1
Added Pin To Net: NetName=5V_U Pin=D4-2
Added Pin To Net: NetName=5V_U Pin=U5-1
Added Pin To Net: NetName=5V_U Pin=U5-3
Added Net: Name=5V_U
Added Member To Class: ClassName=Gateway_1_Schematic Member=Component JP3 JP 2x3 2.54
Added Member To Class: ClassName=Gateway_1_Schematic Member=Component JP6 JP 2x4 2.54
Added Member To Class: ClassName=Gateway_1_Schematic Member=Component R3 1k
Added Rule: Name=Schematic Supply Nets_6
Added Rule: Name=Schematic Supply Nets_7
