Removed Pin From Net: NetName=VIN Pin=C23-1
Removed Pin From Net: NetName=GND Pin=C23-2
Removed Pin From Net: NetName=GND Pin=C24-2
Removed Pin From Net: NetName=GND Pin=D4-1
Removed Pin From Net: NetName=IO25 Pin=JP1-4
Removed Pin From Net: NetName=IO26 Pin=JP1-5
Removed Pin From Net: NetName=GND Pin=JP1-6
Removed Pin From Net: NetName=GND Pin=R19-1
Removed Pin From Net: NetName=VIN Pin=U7-1
Removed Pin From Net: NetName=GND Pin=U7-3
Removed Pin From Net: NetName=GND Pin=U7-5
Removed Pin From Net: NetName=GND Pin=U7-6
Removed Member From Class: ClassName=Gateway_Final_Schematic Member=C22
Removed Member From Class: ClassName=Gateway_Final_Schematic Member=C23
Removed Member From Class: ClassName=Gateway_Final_Schematic Member=C24
Removed Member From Class: ClassName=Gateway_Final_Schematic Member=D4
Removed Member From Class: ClassName=Gateway_Final_Schematic Member=JP1
Removed Member From Class: ClassName=Gateway_Final_Schematic Member=JP2
Removed Member From Class: ClassName=Gateway_Final_Schematic Member=L3
Removed Member From Class: ClassName=Gateway_Final_Schematic Member=R19
Removed Member From Class: ClassName=Gateway_Final_Schematic Member=R20
Removed Member From Class: ClassName=Gateway_Final_Schematic Member=U7
