Change Component Designator: OldDesignator=C? NewDesignator=C1
Change Component Designator: OldDesignator=C? NewDesignator=C2
Change Component Designator: OldDesignator=C? NewDesignator=C3
Change Component Designator: OldDesignator=C? NewDesignator=C4
Change Component Designator: OldDesignator=C? NewDesignator=C5
Change Component Designator: OldDesignator=C? NewDesignator=C6
Change Component Designator: OldDesignator=C? NewDesignator=C7
Change Component Designator: OldDesignator=C? NewDesignator=C8
Change Component Designator: OldDesignator=C? NewDesignator=C9
Change Component Designator: OldDesignator=C? NewDesignator=C10
Change Component Designator: OldDesignator=C? NewDesignator=C11
Change Component Designator: OldDesignator=C? NewDesignator=C12
Change Component Designator: OldDesignator=C? NewDesignator=C13
Change Component Designator: OldDesignator=C? NewDesignator=C14
Change Component Designator: OldDesignator=C? NewDesignator=C15
Change Component Designator: OldDesignator=C? NewDesignator=C16
Change Component Designator: OldDesignator=C? NewDesignator=C17
Change Component Designator: OldDesignator=C? NewDesignator=C18
Change Component Designator: OldDesignator=C? NewDesignator=C19
Change Component Designator: OldDesignator=C? NewDesignator=C20
Change Component Designator: OldDesignator=C? NewDesignator=C21
Change Component Designator: OldDesignator=D? NewDesignator=D1
Change Component Designator: OldDesignator=D? NewDesignator=D2
Change Component Designator: OldDesignator=D? NewDesignator=D3
Change Component Designator: OldDesignator=D? NewDesignator=D4
Change Component Designator: OldDesignator=D? NewDesignator=D5
Change Component Designator: OldDesignator=D? NewDesignator=D6
Change Component Designator: OldDesignator=D? NewDesignator=D7
Change Component Designator: OldDesignator=D? NewDesignator=D8
Change Component Designator: OldDesignator=D? NewDesignator=D9
Change Component Designator: OldDesignator=D? NewDesignator=D10
Change Component Designator: OldDesignator=D? NewDesignator=D11
Change Component Designator: OldDesignator=D? NewDesignator=D12
Change Component Designator: OldDesignator=D? NewDesignator=D13
Change Component Designator: OldDesignator=D? NewDesignator=D14
Change Component Designator: OldDesignator=D? NewDesignator=D15
Change Component Designator: OldDesignator=D? NewDesignator=D16
Change Component Designator: OldDesignator=D? NewDesignator=D17
Change Component Designator: OldDesignator=D? NewDesignator=D18
Change Component Designator: OldDesignator=D? NewDesignator=D19
Change Component Designator: OldDesignator=D? NewDesignator=D20
Change Component Designator: OldDesignator=D? NewDesignator=LED1
Change Component Designator: OldDesignator=D? NewDesignator=LED2
Change Component Designator: OldDesignator=D? NewDesignator=LED3
Change Component Designator: OldDesignator=D? NewDesignator=LED4
Change Component Designator: OldDesignator=D? NewDesignator=LED5
Change Component Designator: OldDesignator=D? NewDesignator=LED6
Change Component Designator: OldDesignator=D? NewDesignator=LED7
Change Component Designator: OldDesignator=D? NewDesignator=LED8
Change Component Designator: OldDesignator=D? NewDesignator=LED9
Change Component Designator: OldDesignator=D? NewDesignator=LED10
Change Component Designator: OldDesignator=D? NewDesignator=LED11
Change Component Designator: OldDesignator=D? NewDesignator=LED12
Change Component Designator: OldDesignator=D? NewDesignator=LED13
Change Component Designator: OldDesignator=D? NewDesignator=LED14
Change Component Designator: OldDesignator=D? NewDesignator=LED15
Change Component Designator: OldDesignator=D? NewDesignator=LED16
Change Component Designator: OldDesignator=D? NewDesignator=LED17
Change Component Designator: OldDesignator=D? NewDesignator=LED18
Change Component Designator: OldDesignator=D? NewDesignator=LED19
Change Component Designator: OldDesignator=D? NewDesignator=LED20
Change Component Designator: OldDesignator=H? NewDesignator=H1
Change Component Designator: OldDesignator=IC? NewDesignator=U6
Change Component Designator: OldDesignator=J? NewDesignator=PZEM
Change Component Designator: OldDesignator=JDC? NewDesignator=JDC1
Change Component Designator: OldDesignator=JP? NewDesignator=JP1
Change Component Designator: OldDesignator=JP? NewDesignator=JP2
Change Component Designator: OldDesignator=JP? NewDesignator=LORA
Change Component Designator: OldDesignator=L? NewDesignator=L1
Change Component Designator: OldDesignator=L? NewDesignator=L2
Change Component Designator: OldDesignator=Q? NewDesignator=Q1
Change Component Designator: OldDesignator=Q? NewDesignator=Q2
Change Component Designator: OldDesignator=Q? NewDesignator=Q3
Change Component Designator: OldDesignator=Q? NewDesignator=Q4
Change Component Designator: OldDesignator=Q? NewDesignator=Q5
Change Component Designator: OldDesignator=Q? NewDesignator=Q6
Change Component Designator: OldDesignator=Q? NewDesignator=Q7
Change Component Designator: OldDesignator=Q? NewDesignator=Q8
Change Component Designator: OldDesignator=Q? NewDesignator=Q9
Change Component Designator: OldDesignator=Q? NewDesignator=Q10
Change Component Designator: OldDesignator=Q? NewDesignator=Q11
Change Component Designator: OldDesignator=Q? NewDesignator=Q12
Change Component Designator: OldDesignator=Q? NewDesignator=Q13
Change Component Designator: OldDesignator=Q? NewDesignator=Q14
Change Component Designator: OldDesignator=Q? NewDesignator=Q15
Change Component Designator: OldDesignator=Q? NewDesignator=Q16
Change Component Designator: OldDesignator=Q? NewDesignator=Q17
Change Component Designator: OldDesignator=Q? NewDesignator=Q18
Change Component Designator: OldDesignator=R? NewDesignator=R1
Change Component Designator: OldDesignator=R? NewDesignator=R2
Change Component Designator: OldDesignator=R? NewDesignator=R3
Change Component Designator: OldDesignator=R? NewDesignator=R4
Change Component Designator: OldDesignator=R? NewDesignator=R5
Change Component Designator: OldDesignator=R? NewDesignator=R6
Change Component Designator: OldDesignator=R? NewDesignator=R7
Change Component Designator: OldDesignator=R? NewDesignator=R8
Change Component Designator: OldDesignator=R? NewDesignator=R9
Change Component Designator: OldDesignator=R? NewDesignator=R10
Change Component Designator: OldDesignator=R? NewDesignator=R11
Change Component Designator: OldDesignator=R? NewDesignator=R12
Change Component Designator: OldDesignator=R? NewDesignator=R13
Change Component Designator: OldDesignator=R? NewDesignator=R14
Change Component Designator: OldDesignator=R? NewDesignator=R15
Change Component Designator: OldDesignator=R? NewDesignator=R16
Change Component Designator: OldDesignator=R? NewDesignator=R17
Change Component Designator: OldDesignator=R? NewDesignator=R18
Change Component Designator: OldDesignator=R? NewDesignator=R19
Change Component Designator: OldDesignator=R? NewDesignator=R20
Change Component Designator: OldDesignator=R? NewDesignator=R21
Change Component Designator: OldDesignator=R? NewDesignator=R22
Change Component Designator: OldDesignator=R? NewDesignator=R23
Change Component Designator: OldDesignator=R? NewDesignator=R24
Change Component Designator: OldDesignator=R? NewDesignator=R25
Change Component Designator: OldDesignator=R? NewDesignator=R26
Change Component Designator: OldDesignator=R? NewDesignator=R27
Change Component Designator: OldDesignator=R? NewDesignator=R28
Change Component Designator: OldDesignator=R? NewDesignator=R29
Change Component Designator: OldDesignator=R? NewDesignator=R30
Change Component Designator: OldDesignator=R? NewDesignator=R31
Change Component Designator: OldDesignator=R? NewDesignator=R32
Change Component Designator: OldDesignator=R? NewDesignator=R33
Change Component Designator: OldDesignator=R? NewDesignator=R34
Change Component Designator: OldDesignator=R? NewDesignator=R35
Change Component Designator: OldDesignator=R? NewDesignator=R36
Change Component Designator: OldDesignator=R? NewDesignator=R37
Change Component Designator: OldDesignator=R? NewDesignator=R38
Change Component Designator: OldDesignator=R? NewDesignator=R39
Change Component Designator: OldDesignator=R? NewDesignator=R40
Change Component Designator: OldDesignator=R? NewDesignator=R41
Change Component Designator: OldDesignator=R? NewDesignator=R42
Change Component Designator: OldDesignator=R? NewDesignator=R43
Change Component Designator: OldDesignator=R? NewDesignator=R44
Change Component Designator: OldDesignator=R? NewDesignator=R45
Change Component Designator: OldDesignator=R? NewDesignator=R46
Change Component Designator: OldDesignator=R? NewDesignator=R47
Change Component Designator: OldDesignator=S? NewDesignator=E15S?
Change Component Designator: OldDesignator=S? NewDesignator=RE1
Change Component Designator: OldDesignator=S? NewDesignator=RE2
Change Component Designator: OldDesignator=S? NewDesignator=RE3
Change Component Designator: OldDesignator=S? NewDesignator=RE4
Change Component Designator: OldDesignator=S? NewDesignator=RE5
Change Component Designator: OldDesignator=S? NewDesignator=RE6
Change Component Designator: OldDesignator=S? NewDesignator=RE7
Change Component Designator: OldDesignator=S? NewDesignator=RE8
Change Component Designator: OldDesignator=S? NewDesignator=RE9
Change Component Designator: OldDesignator=S? NewDesignator=RE10
Change Component Designator: OldDesignator=S? NewDesignator=RE11
Change Component Designator: OldDesignator=S? NewDesignator=RE12
Change Component Designator: OldDesignator=S? NewDesignator=RE13
Change Component Designator: OldDesignator=S? NewDesignator=RE14
Change Component Designator: OldDesignator=S? NewDesignator=RE16
Change Component Designator: OldDesignator=SW? NewDesignator=SW1
Change Component Designator: OldDesignator=SW? NewDesignator=SW2
Change Component Designator: OldDesignator=SW? NewDesignator=SW3
Change Component Designator: OldDesignator=U1 NewDesignator=U2
Change Component Designator: OldDesignator=U? NewDesignator=O1
Change Component Designator: OldDesignator=U? NewDesignator=O2
Change Component Designator: OldDesignator=U? NewDesignator=O3
Change Component Designator: OldDesignator=U? NewDesignator=O4
Change Component Designator: OldDesignator=U? NewDesignator=O5
Change Component Designator: OldDesignator=U? NewDesignator=O6
Change Component Designator: OldDesignator=U? NewDesignator=O7
Change Component Designator: OldDesignator=U? NewDesignator=O8
Change Component Designator: OldDesignator=U? NewDesignator=O9
Change Component Designator: OldDesignator=U? NewDesignator=O10
Change Component Designator: OldDesignator=U? NewDesignator=O11
Change Component Designator: OldDesignator=U? NewDesignator=O12
Change Component Designator: OldDesignator=U? NewDesignator=O13
Change Component Designator: OldDesignator=U? NewDesignator=O14
Change Component Designator: OldDesignator=U? NewDesignator=O15
Change Component Designator: OldDesignator=U? NewDesignator=O16
Change Component Designator: OldDesignator=U? NewDesignator=U1
Change Component Designator: OldDesignator=U? NewDesignator=U3
Change Component Designator: OldDesignator=U? NewDesignator=U4
Change Component Designator: OldDesignator=U? NewDesignator=U5
Change Component Designator: OldDesignator=USB? NewDesignator=USB1
Change Component Designator: OldDesignator=Y? NewDesignator=Y1
Change Component Designator: OldDesignator=Y? NewDesignator=Y2
Change Net Name : Old Net Name=NetC?_1 New Net Name=NetC11_1
Change Net Name : Old Net Name=NetD?_1 New Net Name=NetD12_1
Change Net Name : Old Net Name=NetD?_2 New Net Name=NetD3_2
Change Net Name : Old Net Name=NetIC?_9 New Net Name=NetR3_2
Change Net Name : Old Net Name=NetIC?_25 New Net Name=NetR5_2
Change Net Name : Old Net Name=NetIC?_26 New Net Name=NetR4_2
Change Net Name : Old Net Name=NetQ?_1 New Net Name=NetQ10_1
Change Net Name : Old Net Name=NetQ?_2 New Net Name=NetQ2_2
Change Net Name : Old Net Name=NetR?_1 New Net Name=NetO8_3
Change Net Name : Old Net Name=NetR?_2 New Net Name=NetO8_1
Added Pin To Net: NetName=NetD1_1 Pin=D1-1
Added Pin To Net: NetName=NetD1_1 Pin=JDC1-1
Added Net: Name=NetD1_1
Added Pin To Net: NetName=NetD2_2 Pin=D2-2
Added Pin To Net: NetName=NetD2_2 Pin=L1-1
Added Pin To Net: NetName=NetD2_2 Pin=U3-2
Added Net: Name=NetD2_2
Added Pin To Net: NetName=NetD5_1 Pin=D5-1
Added Pin To Net: NetName=NetD5_1 Pin=Q3-3
Added Pin To Net: NetName=NetD5_1 Pin=RE1-2
Added Net: Name=NetD5_1
Added Pin To Net: NetName=NetD6_1 Pin=D6-1
Added Pin To Net: NetName=NetD6_1 Pin=Q4-3
Added Pin To Net: NetName=NetD6_1 Pin=RE2-2
Added Net: Name=NetD6_1
Added Pin To Net: NetName=NetD7_1 Pin=D7-1
Added Pin To Net: NetName=NetD7_1 Pin=Q5-3
Added Pin To Net: NetName=NetD7_1 Pin=RE3-2
Added Net: Name=NetD7_1
Added Pin To Net: NetName=NetD8_1 Pin=D8-1
Added Pin To Net: NetName=NetD8_1 Pin=Q6-3
Added Pin To Net: NetName=NetD8_1 Pin=RE4-2
Added Net: Name=NetD8_1
Added Pin To Net: NetName=NetD9_1 Pin=D9-1
Added Pin To Net: NetName=NetD9_1 Pin=Q7-3
Added Pin To Net: NetName=NetD9_1 Pin=RE5-2
Added Net: Name=NetD9_1
Added Pin To Net: NetName=NetD10_1 Pin=D10-1
Added Pin To Net: NetName=NetD10_1 Pin=Q8-3
Added Pin To Net: NetName=NetD10_1 Pin=RE6-2
Added Net: Name=NetD10_1
Added Pin To Net: NetName=NetD11_1 Pin=D11-1
Added Pin To Net: NetName=NetD11_1 Pin=Q9-3
Added Pin To Net: NetName=NetD11_1 Pin=RE7-2
Added Net: Name=NetD11_1
Added Pin To Net: NetName=NetD13_1 Pin=D13-1
Added Pin To Net: NetName=NetD13_1 Pin=Q11-3
Added Pin To Net: NetName=NetD13_1 Pin=RE9-2
Added Net: Name=NetD13_1
Added Pin To Net: NetName=NetD14_1 Pin=D14-1
Added Pin To Net: NetName=NetD14_1 Pin=Q12-3
Added Pin To Net: NetName=NetD14_1 Pin=RE10-2
Added Net: Name=NetD14_1
Added Pin To Net: NetName=NetD15_1 Pin=D15-1
Added Pin To Net: NetName=NetD15_1 Pin=Q13-3
Added Pin To Net: NetName=NetD15_1 Pin=RE11-2
Added Net: Name=NetD15_1
Added Pin To Net: NetName=NetD16_1 Pin=D16-1
Added Pin To Net: NetName=NetD16_1 Pin=Q14-3
Added Pin To Net: NetName=NetD16_1 Pin=RE12-2
Added Net: Name=NetD16_1
Added Pin To Net: NetName=NetD17_1 Pin=D17-1
Added Pin To Net: NetName=NetD17_1 Pin=Q15-3
Added Pin To Net: NetName=NetD17_1 Pin=RE13-2
Added Net: Name=NetD17_1
Added Pin To Net: NetName=NetD18_1 Pin=D18-1
Added Pin To Net: NetName=NetD18_1 Pin=Q16-3
Added Pin To Net: NetName=NetD18_1 Pin=RE14-2
Added Net: Name=NetD18_1
Added Pin To Net: NetName=NetD19_1 Pin=D19-1
Added Pin To Net: NetName=NetD19_1 Pin=E15S?-2
Added Pin To Net: NetName=NetD19_1 Pin=Q17-3
Added Net: Name=NetD19_1
Added Pin To Net: NetName=NetD20_1 Pin=D20-1
Added Pin To Net: NetName=NetD20_1 Pin=Q18-3
Added Pin To Net: NetName=NetD20_1 Pin=RE16-2
Added Net: Name=NetD20_1
Added Pin To Net: NetName=NetE15S?_1 Pin=E15S?-1
Added Pin To Net: NetName=NetE15S?_1 Pin=J?-8
Added Net: Name=NetE15S?_1
Added Pin To Net: NetName=NetE15S?_3 Pin=E15S?-3
Added Pin To Net: NetName=NetE15S?_3 Pin=J?-9
Added Net: Name=NetE15S?_3
Added Pin To Net: NetName=NetE15S?_4 Pin=E15S?-4
Added Pin To Net: NetName=NetE15S?_4 Pin=J?-7
Added Net: Name=NetE15S?_4
Add Net: Net with name "NetJ?_1" already exists
Add Net: Net with name "NetJ?_1" already exists
Add Net: Net with name "NetJ?_1" already exists
Add Net: Net with name "NetJ?_2" already exists
Add Net: Net with name "NetJ?_2" already exists
Add Net: Net with name "NetJ?_2" already exists
Add Net: Net with name "NetJ?_3" already exists
Add Net: Net with name "NetJ?_3" already exists
Add Net: Net with name "NetJ?_3" already exists
Add Net: Net with name "NetJ?_4" already exists
Add Net: Net with name "NetJ?_4" already exists
Add Net: Net with name "NetJ?_4" already exists
Add Net: Net with name "NetJ?_5" already exists
Add Net: Net with name "NetJ?_5" already exists
Add Net: Net with name "NetJ?_5" already exists
Add Net: Net with name "NetJ?_6" already exists
Add Net: Net with name "NetJ?_6" already exists
Add Net: Net with name "NetJ?_6" already exists
Add Net: Net with name "NetJ?_7" already exists
Add Net: Net with name "NetJ?_7" already exists
Add Net: Net with name "NetJ?_8" already exists
Add Net: Net with name "NetJ?_8" already exists
Add Net: Net with name "NetJ?_9" already exists
Add Net: Net with name "NetJ?_9" already exists
Add Net: Net with name "NetJ?_10" already exists
Add Net: Net with name "NetJ?_10" already exists
Add Net: Net with name "NetJ?_10" already exists
Add Net: Net with name "NetJ?_11" already exists
Add Net: Net with name "NetJ?_11" already exists
Add Net: Net with name "NetJ?_11" already exists
Add Net: Net with name "NetJ?_12" already exists
Add Net: Net with name "NetJ?_12" already exists
Add Net: Net with name "NetJ?_12" already exists
Added Pin To Net: NetName=NetLED1_1 Pin=LED1-1
Added Pin To Net: NetName=NetLED1_1 Pin=R14-2
Added Net: Name=NetLED1_1
Added Pin To Net: NetName=NetLED2_1 Pin=LED2-1
Added Pin To Net: NetName=NetLED2_1 Pin=R47-2
Added Net: Name=NetLED2_1
Added Pin To Net: NetName=NetLED3_2 Pin=LED3-2
Added Pin To Net: NetName=NetLED3_2 Pin=R9-2
Added Net: Name=NetLED3_2
Added Pin To Net: NetName=NetLED4_2 Pin=LED4-2
Added Pin To Net: NetName=NetLED4_2 Pin=R10-2
Added Net: Name=NetLED4_2
Added Pin To Net: NetName=NetLED5_1 Pin=LED5-1
Added Pin To Net: NetName=NetLED5_1 Pin=O1-2
Added Net: Name=NetLED5_1
Added Pin To Net: NetName=NetLED6_1 Pin=LED6-1
Added Pin To Net: NetName=NetLED6_1 Pin=O2-2
Added Net: Name=NetLED6_1
Added Pin To Net: NetName=NetLED7_1 Pin=LED7-1
Added Pin To Net: NetName=NetLED7_1 Pin=O3-2
Added Net: Name=NetLED7_1
Added Pin To Net: NetName=NetLED8_1 Pin=LED8-1
Added Pin To Net: NetName=NetLED8_1 Pin=O4-2
Added Net: Name=NetLED8_1
Added Pin To Net: NetName=NetLED9_1 Pin=LED9-1
Added Pin To Net: NetName=NetLED9_1 Pin=O5-2
Added Net: Name=NetLED9_1
Added Pin To Net: NetName=NetLED10_1 Pin=LED10-1
Added Pin To Net: NetName=NetLED10_1 Pin=O6-2
Added Net: Name=NetLED10_1
Added Pin To Net: NetName=NetLED11_1 Pin=LED11-1
Added Pin To Net: NetName=NetLED11_1 Pin=O7-2
Added Net: Name=NetLED11_1
Added Pin To Net: NetName=NetLED12_1 Pin=LED12-1
Added Pin To Net: NetName=NetLED12_1 Pin=O8-2
Added Net: Name=NetLED12_1
Added Pin To Net: NetName=NetLED13_1 Pin=LED13-1
Added Pin To Net: NetName=NetLED13_1 Pin=O9-2
Added Net: Name=NetLED13_1
Added Pin To Net: NetName=NetLED14_1 Pin=LED14-1
Added Pin To Net: NetName=NetLED14_1 Pin=O10-2
Added Net: Name=NetLED14_1
Added Pin To Net: NetName=NetLED15_1 Pin=LED15-1
Added Pin To Net: NetName=NetLED15_1 Pin=O11-2
Added Net: Name=NetLED15_1
Added Pin To Net: NetName=NetLED16_1 Pin=LED16-1
Added Pin To Net: NetName=NetLED16_1 Pin=O12-2
Added Net: Name=NetLED16_1
Added Pin To Net: NetName=NetLED17_1 Pin=LED17-1
Added Pin To Net: NetName=NetLED17_1 Pin=O13-2
Added Net: Name=NetLED17_1
Added Pin To Net: NetName=NetLED18_1 Pin=LED18-1
Added Pin To Net: NetName=NetLED18_1 Pin=O14-2
Added Net: Name=NetLED18_1
Added Pin To Net: NetName=NetLED19_1 Pin=LED19-1
Added Pin To Net: NetName=NetLED19_1 Pin=O15-2
Added Net: Name=NetLED19_1
Added Pin To Net: NetName=NetLED20_1 Pin=LED20-1
Added Pin To Net: NetName=NetLED20_1 Pin=O16-2
Added Net: Name=NetLED20_1
Added Pin To Net: NetName=NetO1_1 Pin=O1-1
Added Pin To Net: NetName=NetO1_1 Pin=R15-2
Added Net: Name=NetO1_1
Added Pin To Net: NetName=NetO1_3 Pin=O1-3
Added Pin To Net: NetName=NetO1_3 Pin=R16-1
Added Net: Name=NetO1_3
Added Pin To Net: NetName=NetO2_1 Pin=O2-1
Added Pin To Net: NetName=NetO2_1 Pin=R17-2
Added Net: Name=NetO2_1
Added Pin To Net: NetName=NetO2_3 Pin=O2-3
Added Pin To Net: NetName=NetO2_3 Pin=R18-1
Added Net: Name=NetO2_3
Added Pin To Net: NetName=NetO3_1 Pin=O3-1
Added Pin To Net: NetName=NetO3_1 Pin=R19-2
Added Net: Name=NetO3_1
Added Pin To Net: NetName=NetO3_3 Pin=O3-3
Added Pin To Net: NetName=NetO3_3 Pin=R20-1
Added Net: Name=NetO3_3
Added Pin To Net: NetName=NetO4_1 Pin=O4-1
Added Pin To Net: NetName=NetO4_1 Pin=R21-2
Added Net: Name=NetO4_1
Added Pin To Net: NetName=NetO4_3 Pin=O4-3
Added Pin To Net: NetName=NetO4_3 Pin=R22-1
Added Net: Name=NetO4_3
Added Pin To Net: NetName=NetO5_1 Pin=O5-1
Added Pin To Net: NetName=NetO5_1 Pin=R23-2
Added Net: Name=NetO5_1
Added Pin To Net: NetName=NetO5_3 Pin=O5-3
Added Pin To Net: NetName=NetO5_3 Pin=R24-1
Added Net: Name=NetO5_3
Added Pin To Net: NetName=NetO6_1 Pin=O6-1
Added Pin To Net: NetName=NetO6_1 Pin=R25-2
Added Net: Name=NetO6_1
Added Pin To Net: NetName=NetO6_3 Pin=O6-3
Added Pin To Net: NetName=NetO6_3 Pin=R26-1
Added Net: Name=NetO6_3
Added Pin To Net: NetName=NetO7_1 Pin=O7-1
Added Pin To Net: NetName=NetO7_1 Pin=R27-2
Added Net: Name=NetO7_1
Added Pin To Net: NetName=NetO7_3 Pin=O7-3
Added Pin To Net: NetName=NetO7_3 Pin=R28-1
Added Net: Name=NetO7_3
Added Pin To Net: NetName=NetO9_1 Pin=O9-1
Added Pin To Net: NetName=NetO9_1 Pin=R31-2
Added Net: Name=NetO9_1
Added Pin To Net: NetName=NetO9_3 Pin=O9-3
Added Pin To Net: NetName=NetO9_3 Pin=R32-1
Added Net: Name=NetO9_3
Added Pin To Net: NetName=NetO10_1 Pin=O10-1
Added Pin To Net: NetName=NetO10_1 Pin=R33-2
Added Net: Name=NetO10_1
Added Pin To Net: NetName=NetO10_3 Pin=O10-3
Added Pin To Net: NetName=NetO10_3 Pin=R34-1
Added Net: Name=NetO10_3
Added Pin To Net: NetName=NetO11_1 Pin=O11-1
Added Pin To Net: NetName=NetO11_1 Pin=R35-2
Added Net: Name=NetO11_1
Added Pin To Net: NetName=NetO11_3 Pin=O11-3
Added Pin To Net: NetName=NetO11_3 Pin=R36-1
Added Net: Name=NetO11_3
Added Pin To Net: NetName=NetO12_1 Pin=O12-1
Added Pin To Net: NetName=NetO12_1 Pin=R37-2
Added Net: Name=NetO12_1
Added Pin To Net: NetName=NetO12_3 Pin=O12-3
Added Pin To Net: NetName=NetO12_3 Pin=R38-1
Added Net: Name=NetO12_3
Added Pin To Net: NetName=NetO13_1 Pin=O13-1
Added Pin To Net: NetName=NetO13_1 Pin=R39-2
Added Net: Name=NetO13_1
Added Pin To Net: NetName=NetO13_3 Pin=O13-3
Added Pin To Net: NetName=NetO13_3 Pin=R40-1
Added Net: Name=NetO13_3
Added Pin To Net: NetName=NetO14_1 Pin=O14-1
Added Pin To Net: NetName=NetO14_1 Pin=R41-2
Added Net: Name=NetO14_1
Added Pin To Net: NetName=NetO14_3 Pin=O14-3
Added Pin To Net: NetName=NetO14_3 Pin=R42-1
Added Net: Name=NetO14_3
Added Pin To Net: NetName=NetO15_1 Pin=O15-1
Added Pin To Net: NetName=NetO15_1 Pin=R43-2
Added Net: Name=NetO15_1
Added Pin To Net: NetName=NetO15_3 Pin=O15-3
Added Pin To Net: NetName=NetO15_3 Pin=R44-1
Added Net: Name=NetO15_3
Added Pin To Net: NetName=NetO16_1 Pin=O16-1
Added Pin To Net: NetName=NetO16_1 Pin=R45-2
Added Net: Name=NetO16_1
Added Pin To Net: NetName=NetO16_3 Pin=O16-3
Added Pin To Net: NetName=NetO16_3 Pin=R46-1
Added Net: Name=NetO16_3
Added Pin To Net: NetName=NetQ1_2 Pin=Q1-2
Added Pin To Net: NetName=NetQ1_2 Pin=R1-1
Added Net: Name=NetQ1_2
Added Pin To Net: NetName=NetQ3_1 Pin=Q3-1
Added Pin To Net: NetName=NetQ3_1 Pin=R16-2
Added Net: Name=NetQ3_1
Added Pin To Net: NetName=NetQ4_1 Pin=Q4-1
Added Pin To Net: NetName=NetQ4_1 Pin=R18-2
Added Net: Name=NetQ4_1
Added Pin To Net: NetName=NetQ5_1 Pin=Q5-1
Added Pin To Net: NetName=NetQ5_1 Pin=R20-2
Added Net: Name=NetQ5_1
Added Pin To Net: NetName=NetQ6_1 Pin=Q6-1
Added Pin To Net: NetName=NetQ6_1 Pin=R22-2
Added Net: Name=NetQ6_1
Added Pin To Net: NetName=NetQ7_1 Pin=Q7-1
Added Pin To Net: NetName=NetQ7_1 Pin=R24-2
Added Net: Name=NetQ7_1
Added Pin To Net: NetName=NetQ8_1 Pin=Q8-1
Added Pin To Net: NetName=NetQ8_1 Pin=R26-2
Added Net: Name=NetQ8_1
Added Pin To Net: NetName=NetQ9_1 Pin=Q9-1
Added Pin To Net: NetName=NetQ9_1 Pin=R28-2
Added Net: Name=NetQ9_1
Added Pin To Net: NetName=NetQ11_1 Pin=Q11-1
Added Pin To Net: NetName=NetQ11_1 Pin=R32-2
Added Net: Name=NetQ11_1
Added Pin To Net: NetName=NetQ12_1 Pin=Q12-1
Added Pin To Net: NetName=NetQ12_1 Pin=R34-2
Added Net: Name=NetQ12_1
Added Pin To Net: NetName=NetQ13_1 Pin=Q13-1
Added Pin To Net: NetName=NetQ13_1 Pin=R36-2
Added Net: Name=NetQ13_1
Added Pin To Net: NetName=NetQ14_1 Pin=Q14-1
Added Pin To Net: NetName=NetQ14_1 Pin=R38-2
Added Net: Name=NetQ14_1
Added Pin To Net: NetName=NetQ15_1 Pin=Q15-1
Added Pin To Net: NetName=NetQ15_1 Pin=R40-2
Added Net: Name=NetQ15_1
Added Pin To Net: NetName=NetQ16_1 Pin=Q16-1
Added Pin To Net: NetName=NetQ16_1 Pin=R42-2
Added Net: Name=NetQ16_1
Added Pin To Net: NetName=NetQ17_1 Pin=Q17-1
Added Pin To Net: NetName=NetQ17_1 Pin=R44-2
Added Net: Name=NetQ17_1
Added Pin To Net: NetName=NetQ18_1 Pin=Q18-1
Added Pin To Net: NetName=NetQ18_1 Pin=R46-2
Added Net: Name=NetQ18_1
Added Member To Class: ClassName=Gateway_Schematic Member=Component C2 1000uF
Added Member To Class: ClassName=Gateway_Schematic Member=Component C3 100uF
Added Member To Class: ClassName=Gateway_Schematic Member=Component C4 1000uF
Added Member To Class: ClassName=Gateway_Schematic Member=Component C5 0.1uF/25V
Added Member To Class: ClassName=Gateway_Schematic Member=Component C6 10uF/25V/TANTA
Added Member To Class: ClassName=Gateway_Schematic Member=Component C7 0.1uF/25V
Added Member To Class: ClassName=Gateway_Schematic Member=Component C8 22uF/25V/C0805/10%
Added Member To Class: ClassName=Gateway_Schematic Member=Component C9 0.1uF/25V/C0805/10%
Added Member To Class: ClassName=Gateway_Schematic Member=Component C10 4.7uF/25V/C0805/10%
Added Member To Class: ClassName=Gateway_Schematic Member=Component C11 10uF/25V/C0805/10%
Added Member To Class: ClassName=Gateway_Schematic Member=Component C12 20pF
Added Member To Class: ClassName=Gateway_Schematic Member=Component C13 20pF
Added Member To Class: ClassName=Gateway_Schematic Member=Component C14 20pF
Added Member To Class: ClassName=Gateway_Schematic Member=Component C15 20pF
Added Member To Class: ClassName=Gateway_Schematic Member=Component C16 104
Added Member To Class: ClassName=Gateway_Schematic Member=Component C17 104
Added Member To Class: ClassName=Gateway_Schematic Member=Component C18 104
Added Member To Class: ClassName=Gateway_Schematic Member=Component C19 104
Added Member To Class: ClassName=Gateway_Schematic Member=Component C20 20pF
Added Member To Class: ClassName=Gateway_Schematic Member=Component C21 20pF
Added Member To Class: ClassName=Gateway_Schematic Member=Component D1 SS34
Added Member To Class: ClassName=Gateway_Schematic Member=Component D2 SS34
Added Member To Class: ClassName=Gateway_Schematic Member=Component D3 SS34
Added Member To Class: ClassName=Gateway_Schematic Member=Component D4 SK56L-TP
Added Member To Class: ClassName=Gateway_Schematic Member=Component D5 M7
Added Member To Class: ClassName=Gateway_Schematic Member=Component D6 M7
Added Member To Class: ClassName=Gateway_Schematic Member=Component D7 M7
Added Member To Class: ClassName=Gateway_Schematic Member=Component D8 M7
Added Member To Class: ClassName=Gateway_Schematic Member=Component D9 M7
Added Member To Class: ClassName=Gateway_Schematic Member=Component D10 M7
Added Member To Class: ClassName=Gateway_Schematic Member=Component D11 M7
Added Member To Class: ClassName=Gateway_Schematic Member=Component D12 M7
Added Member To Class: ClassName=Gateway_Schematic Member=Component D13 M7
Added Member To Class: ClassName=Gateway_Schematic Member=Component D14 M7
Added Member To Class: ClassName=Gateway_Schematic Member=Component D15 M7
Added Member To Class: ClassName=Gateway_Schematic Member=Component D16 M7
Added Member To Class: ClassName=Gateway_Schematic Member=Component D17 M7
Added Member To Class: ClassName=Gateway_Schematic Member=Component D18 M7
Added Member To Class: ClassName=Gateway_Schematic Member=Component D19 M7
Added Member To Class: ClassName=Gateway_Schematic Member=Component D20 M7
Added Member To Class: ClassName=Gateway_Schematic Member=Component E15S? JQC-3FF-S-Z
Added Member To Class: ClassName=Gateway_Schematic Member=Component J? KF350-12P
Added Member To Class: ClassName=Gateway_Schematic Member=Component J? KF350-12P
Added Member To Class: ClassName=Gateway_Schematic Member=Component J? KF350-12P
Added Member To Class: ClassName=Gateway_Schematic Member=Component JP1 JP 1x6 2.54
Added Member To Class: ClassName=Gateway_Schematic Member=Component JP? JP 2x3 2.54
Added Member To Class: ClassName=Gateway_Schematic Member=Component L1 100uH - 3A SMD
Added Member To Class: ClassName=Gateway_Schematic Member=Component LED1 GREEN 0805
Added Member To Class: ClassName=Gateway_Schematic Member=Component LED2 GREEN 0805
Added Member To Class: ClassName=Gateway_Schematic Member=Component LED3 GREEN 0805
Added Member To Class: ClassName=Gateway_Schematic Member=Component LED4 GREEN 0805
Added Member To Class: ClassName=Gateway_Schematic Member=Component LED5 GREEN 0805
Added Member To Class: ClassName=Gateway_Schematic Member=Component LED6 GREEN 0805
Added Member To Class: ClassName=Gateway_Schematic Member=Component LED7 GREEN 0805
Added Member To Class: ClassName=Gateway_Schematic Member=Component LED8 GREEN 0805
Added Member To Class: ClassName=Gateway_Schematic Member=Component LED9 GREEN 0805
Added Member To Class: ClassName=Gateway_Schematic Member=Component LED10 GREEN 0805
Added Member To Class: ClassName=Gateway_Schematic Member=Component LED11 GREEN 0805
Added Member To Class: ClassName=Gateway_Schematic Member=Component LED12 GREEN 0805
Added Member To Class: ClassName=Gateway_Schematic Member=Component LED13 GREEN 0805
Added Member To Class: ClassName=Gateway_Schematic Member=Component LED15 GREEN 0805
Added Member To Class: ClassName=Gateway_Schematic Member=Component LED16 GREEN 0805
Added Member To Class: ClassName=Gateway_Schematic Member=Component LED17 GREEN 0805
Added Member To Class: ClassName=Gateway_Schematic Member=Component LED18 GREEN 0805
Added Member To Class: ClassName=Gateway_Schematic Member=Component LED19 GREEN 0805
Added Member To Class: ClassName=Gateway_Schematic Member=Component LED20 GREEN 0805
Added Member To Class: ClassName=Gateway_Schematic Member=Component LORA JP 2x4 2.54
Added Member To Class: ClassName=Gateway_Schematic Member=Component O1 OPTO PC817 SMD
Added Member To Class: ClassName=Gateway_Schematic Member=Component O2 OPTO PC817 SMD
Added Member To Class: ClassName=Gateway_Schematic Member=Component O3 OPTO PC817 SMD
Added Member To Class: ClassName=Gateway_Schematic Member=Component O4 OPTO PC817 SMD
Added Member To Class: ClassName=Gateway_Schematic Member=Component O5 OPTO PC817 SMD
Added Member To Class: ClassName=Gateway_Schematic Member=Component O6 OPTO PC817 SMD
Added Member To Class: ClassName=Gateway_Schematic Member=Component O7 OPTO PC817 SMD
Added Member To Class: ClassName=Gateway_Schematic Member=Component O8 OPTO PC817 SMD
Added Member To Class: ClassName=Gateway_Schematic Member=Component O9 OPTO PC817 SMD
Added Member To Class: ClassName=Gateway_Schematic Member=Component O11 OPTO PC817 SMD
Added Member To Class: ClassName=Gateway_Schematic Member=Component O12 OPTO PC817 SMD
Added Member To Class: ClassName=Gateway_Schematic Member=Component O13 OPTO PC817 SMD
Added Member To Class: ClassName=Gateway_Schematic Member=Component O14 OPTO PC817 SMD
Added Member To Class: ClassName=Gateway_Schematic Member=Component O15 OPTO PC817 SMD
Added Member To Class: ClassName=Gateway_Schematic Member=Component O16 OPTO PC817 SMD
Added Member To Class: ClassName=Gateway_Schematic Member=Component PZEM KF350-4P
Added Member To Class: ClassName=Gateway_Schematic Member=Component Q2 DTC143ZKAT146
Added Member To Class: ClassName=Gateway_Schematic Member=Component Q3 HF
Added Member To Class: ClassName=Gateway_Schematic Member=Component Q4 HF
Added Member To Class: ClassName=Gateway_Schematic Member=Component Q5 HF
Added Member To Class: ClassName=Gateway_Schematic Member=Component Q6 HF
Added Member To Class: ClassName=Gateway_Schematic Member=Component Q7 HF
Added Member To Class: ClassName=Gateway_Schematic Member=Component Q8 HF
Added Member To Class: ClassName=Gateway_Schematic Member=Component Q9 HF
Added Member To Class: ClassName=Gateway_Schematic Member=Component Q10 HF
Added Member To Class: ClassName=Gateway_Schematic Member=Component Q11 HF
Added Member To Class: ClassName=Gateway_Schematic Member=Component Q12 HF
Added Member To Class: ClassName=Gateway_Schematic Member=Component Q13 HF
Added Member To Class: ClassName=Gateway_Schematic Member=Component Q14 HF
Added Member To Class: ClassName=Gateway_Schematic Member=Component Q15 HF
Added Member To Class: ClassName=Gateway_Schematic Member=Component Q16 HF
Added Member To Class: ClassName=Gateway_Schematic Member=Component Q17 HF
Added Member To Class: ClassName=Gateway_Schematic Member=Component Q18 HF
Added Member To Class: ClassName=Gateway_Schematic Member=Component R1 10K
Added Member To Class: ClassName=Gateway_Schematic Member=Component R2 10K
Added Member To Class: ClassName=Gateway_Schematic Member=Component R3 4.7K
Added Member To Class: ClassName=Gateway_Schematic Member=Component R4 1K
Added Member To Class: ClassName=Gateway_Schematic Member=Component R5 1K
Added Member To Class: ClassName=Gateway_Schematic Member=Component R6 100k
Added Member To Class: ClassName=Gateway_Schematic Member=Component R7 100k
Added Member To Class: ClassName=Gateway_Schematic Member=Component R8 10k
Added Member To Class: ClassName=Gateway_Schematic Member=Component R9 1M
Added Member To Class: ClassName=Gateway_Schematic Member=Component R10 1M
Added Member To Class: ClassName=Gateway_Schematic Member=Component R11 10K/R0805/1%
Added Member To Class: ClassName=Gateway_Schematic Member=Component R12 0R/R0805/1%
Added Member To Class: ClassName=Gateway_Schematic Member=Component R13 10K
Added Member To Class: ClassName=Gateway_Schematic Member=Component R14 1K
Added Member To Class: ClassName=Gateway_Schematic Member=Component R15 330R
Added Member To Class: ClassName=Gateway_Schematic Member=Component R16 2.2k
Added Member To Class: ClassName=Gateway_Schematic Member=Component R17 330R
Added Member To Class: ClassName=Gateway_Schematic Member=Component R18 2.2k
Added Member To Class: ClassName=Gateway_Schematic Member=Component R19 330R
Added Member To Class: ClassName=Gateway_Schematic Member=Component R20 2.2k
Added Member To Class: ClassName=Gateway_Schematic Member=Component R21 330R
Added Member To Class: ClassName=Gateway_Schematic Member=Component R22 2.2k
Added Member To Class: ClassName=Gateway_Schematic Member=Component R23 330R
Added Member To Class: ClassName=Gateway_Schematic Member=Component R24 2.2k
Added Member To Class: ClassName=Gateway_Schematic Member=Component R25 330R
Added Member To Class: ClassName=Gateway_Schematic Member=Component R26 2.2k
Added Member To Class: ClassName=Gateway_Schematic Member=Component R27 330R
Added Member To Class: ClassName=Gateway_Schematic Member=Component R28 2.2k
Added Member To Class: ClassName=Gateway_Schematic Member=Component R29 330R
Added Member To Class: ClassName=Gateway_Schematic Member=Component R30 2.2k
Added Member To Class: ClassName=Gateway_Schematic Member=Component R31 330R
Added Member To Class: ClassName=Gateway_Schematic Member=Component R33 330R
Added Member To Class: ClassName=Gateway_Schematic Member=Component R34 2.2k
Added Member To Class: ClassName=Gateway_Schematic Member=Component R35 330R
Added Member To Class: ClassName=Gateway_Schematic Member=Component R36 2.2k
Added Member To Class: ClassName=Gateway_Schematic Member=Component R37 330R
Added Member To Class: ClassName=Gateway_Schematic Member=Component R38 2.2k
Added Member To Class: ClassName=Gateway_Schematic Member=Component R39 330R
Added Member To Class: ClassName=Gateway_Schematic Member=Component R40 2.2k
Added Member To Class: ClassName=Gateway_Schematic Member=Component R41 330R
Added Member To Class: ClassName=Gateway_Schematic Member=Component R42 2.2k
Added Member To Class: ClassName=Gateway_Schematic Member=Component R43 330R
Added Member To Class: ClassName=Gateway_Schematic Member=Component R44 2.2k
Added Member To Class: ClassName=Gateway_Schematic Member=Component R45 330R
Added Member To Class: ClassName=Gateway_Schematic Member=Component R46 2.2k
Added Member To Class: ClassName=Gateway_Schematic Member=Component R47 470
Added Member To Class: ClassName=Gateway_Schematic Member=Component R? 1M
Added Member To Class: ClassName=Gateway_Schematic Member=Component RE1 JQC-3FF-S-Z
Added Member To Class: ClassName=Gateway_Schematic Member=Component RE2 JQC-3FF-S-Z
Added Member To Class: ClassName=Gateway_Schematic Member=Component RE3 JQC-3FF-S-Z
Added Member To Class: ClassName=Gateway_Schematic Member=Component RE4 JQC-3FF-S-Z
Added Member To Class: ClassName=Gateway_Schematic Member=Component RE6 JQC-3FF-S-Z
Added Member To Class: ClassName=Gateway_Schematic Member=Component RE7 JQC-3FF-S-Z
Added Member To Class: ClassName=Gateway_Schematic Member=Component RE8 JQC-3FF-S-Z
Added Member To Class: ClassName=Gateway_Schematic Member=Component RE9 JQC-3FF-S-Z
Added Member To Class: ClassName=Gateway_Schematic Member=Component RE10 JQC-3FF-S-Z
Added Member To Class: ClassName=Gateway_Schematic Member=Component RE11 JQC-3FF-S-Z
Added Member To Class: ClassName=Gateway_Schematic Member=Component RE12 JQC-3FF-S-Z
Added Member To Class: ClassName=Gateway_Schematic Member=Component RE13 JQC-3FF-S-Z
Added Member To Class: ClassName=Gateway_Schematic Member=Component RE14 JQC-3FF-S-Z
Added Member To Class: ClassName=Gateway_Schematic Member=Component RE16 JQC-3FF-S-Z
Added Member To Class: ClassName=Gateway_Schematic Member=Component SW2 FLASH
Added Member To Class: ClassName=Gateway_Schematic Member=Component SW3 FLASH
Added Member To Class: ClassName=Gateway_Schematic Member=Component U2 STM32F103C8T6
Added Member To Class: ClassName=Gateway_Schematic Member=Component U3 LM2576S-5.0
Added Member To Class: ClassName=Gateway_Schematic Member=Component U4 LM2576S-3.3
Added Member To Class: ClassName=Gateway_Schematic Member=Component U5 RT9193-33GB
Added Member To Class: ClassName=Gateway_Schematic Member=Component Y1 ABLS2-8.000MHZ-D4Y-T
