Change Component Designator: OldDesignator=U? NewDesignator=U1
Change Component Library : Designator=U1 Old Library=Altium Content Vault New Library=STM32F103C8T6.IntLib
Add Net: Net with name "NetD?_1" already exists
Add Net: Net with name "NetIC?_1" already exists
Added Member To Class: ClassName=Gateway_Schematic Member=Component C? 4.7uF/25V/C0805/10%
Added Member To Class: ClassName=Gateway_Schematic Member=Component C? 0.1uF/25V/C0805/10%
Added Member To Class: ClassName=Gateway_Schematic Member=Component C? 0.1uF
Added Member To Class: ClassName=Gateway_Schematic Member=Component C? 10uF
Added Member To Class: ClassName=Gateway_Schematic Member=Component C? 1uF
Added Member To Class: ClassName=Gateway_Schematic Member=Component C? 22uF/25V/C0805/10%
Added Member To Class: ClassName=Gateway_Schematic Member=Component C? 10uF/25V/C0805/10%
Added Member To Class: ClassName=Gateway_Schematic Member=Component D? SS34
Added Member To Class: ClassName=Gateway_Schematic Member=Component IC? LM317
Added Member To Class: ClassName=Gateway_Schematic Member=Component R? 240
Added Member To Class: ClassName=Gateway_Schematic Member=Component R? 10K/R0805/1%
Added Member To Class: ClassName=Gateway_Schematic Member=Component R? 750
Added Member To Class: ClassName=Gateway_Schematic Member=Component R? 220
Added Member To Class: ClassName=Gateway_Schematic Member=Component R? 0R/R0805/1%
Added Member To Class: ClassName=Gateway_Schematic Member=Component R? 390
Added Member To Class: ClassName=Gateway_Schematic Member=Component R? 240
Added Member To Class: ClassName=Gateway_Schematic Member=Component U? RA-02
Added Member To Class: ClassName=Gateway_Schematic Member=Component U? ESP-WROOM-32
