Removed Pin From Net: NetName=SCL Pin=I2C-1
Removed Pin From Net: NetName=SDA Pin=I2C-2
Change Component Designator: OldDesignator=DHT11 NewDesignator=JP3
Change Component Designator: OldDesignator=JP1 NewDesignator=JP4
Change Component Designator: OldDesignator=MQ135 NewDesignator=JP1
Change Component Designator: OldDesignator=MQ136 NewDesignator=JP2
Added Component: Designator=P1(HDR/Terminal/3)
Add component (AddParameter): Name = "BRAND"; Value = ""; VariantName = "[No Variations]"
Add component (AddParameter): Name = "PACKAGE"; Value = ""; VariantName = "[No Variations]"
Add component (AddParameter): Name = "PART NO"; Value = ""; VariantName = "[No Variations]"
Add component (AddParameter): Name = "STOCK CODE"; Value = ""; VariantName = "[No Variations]"
Add component (AddParameter): Name = "SUPPLIER"; Value = ""; VariantName = "[No Variations]"
Add component (AddParameter): Name = "TYPE"; Value = ""; VariantName = "[No Variations]"
Added Component: Designator=P2(HDR/Terminal/2)
Add component (AddParameter): Name = "BRAND"; Value = ""; VariantName = "[No Variations]"
Add component (AddParameter): Name = "PACKAGE"; Value = ""; VariantName = "[No Variations]"
Add component (AddParameter): Name = "PART NO"; Value = ""; VariantName = "[No Variations]"
Add component (AddParameter): Name = "STOCK CODE"; Value = ""; VariantName = "[No Variations]"
Add component (AddParameter): Name = "SUPPLIER"; Value = ""; VariantName = "[No Variations]"
Add component (AddParameter): Name = "TYPE"; Value = ""; VariantName = "[No Variations]"
Added Pin To Net: NetName=GND Pin=P1-1
Added Pin To Net: NetName=3V3 Pin=P1-2
Added Pin To Net: NetName=5V Pin=P1-3
Added Pin To Net: NetName=SDA Pin=P2-1
Added Pin To Net: NetName=SCL Pin=P2-2
Added Member To Class: ClassName=Node_Schematic Member=Component D1 SS34
Added Member To Class: ClassName=Node_Schematic Member=Component JP4 Header - Lora
Added Member To Class: ClassName=Node_Schematic Member=Component P1 Header 3X2
Added Member To Class: ClassName=Node_Schematic Member=Component P2 SWD
Added Room: Name=Node_Schematic
