Removed Member From Class: ClassName=Node_Schematic Member=R?
Added Component: Designator=J1(TE_796740-2)
Add component (AddParameter): Name = "Availability"; Value = "Unavailable"; VariantName = "[No Variations]"
Add component (AddParameter): Name = "Centerline_Pitch"; Value = "6.35 mm[.2499 in]"; VariantName = "[No Variations]"
Add component (AddParameter): Name = "EU_RoHS_Compliance"; Value = "Compliant with Exemptions"; VariantName = "[No Variations]"
Add component (AddParameter): Name = "MF"; Value = "TE Connectivity"; VariantName = "[No Variations]"
Add component (AddParameter): Name = "MP"; Value = "796740-2"; VariantName = "[No Variations]"
Add component (AddParameter): Name = "Number_of_Positions"; Value = "2"; VariantName = "[No Variations]"
Add component (AddParameter): Name = "Package"; Value = "None"; VariantName = "[No Variations]"
Add component (AddParameter): Name = "Price"; Value = "None"; VariantName = "[No Variations]"
Add component (AddParameter): Name = "SnapEDA_Link"; Value = "https://www.snapeda.com/parts/796740-2/TE%20Connectivity%20AMP%20Connectors/view-part/492240/?ref=snap"; VariantName = "[No Variations]"
Add component (AddParameter): Name = "TE_purchase_URL"; Value = "https://www.te.com/usa-en/product-796740-2.html?te_bu=Cor&te_type=disp&te_campaign=seda_glo_cor-seda-global-disp-prtnr-fy19-seda-model-bom-cta_sma-317_1&elqCampaignId=32493"; VariantName = "[No Variations]"
Add component (AddParameter): Name = "Value"; Value = ""; VariantName = "[No Variations]"
Added Component: Designator=J2(TE_796740-3)
Add component (AddParameter): Name = "Availability"; Value = "Warning"; VariantName = "[No Variations]"
Add component (AddParameter): Name = "Centerline_Pitch"; Value = "6.35 mm[.2499 in]"; VariantName = "[No Variations]"
Add component (AddParameter): Name = "DigiKey-Purchase-URL"; Value = "https://snapeda.com/shop?store=DigiKey&id=2375679"; VariantName = "[No Variations]"
Add component (AddParameter): Name = "EU_RoHS_Compliance"; Value = "Compliant with Exemptions"; VariantName = "[No Variations]"
Add component (AddParameter): Name = "MF"; Value = "TE Connectivity"; VariantName = "[No Variations]"
Add component (AddParameter): Name = "Mouser-Purchase-URL"; Value = "https://snapeda.com/shop?store=Mouser&id=2375679"; VariantName = "[No Variations]"
Add component (AddParameter): Name = "MP"; Value = "796740-3"; VariantName = "[No Variations]"
Add component (AddParameter): Name = "Number_of_Positions"; Value = "3"; VariantName = "[No Variations]"
Add component (AddParameter): Name = "Package"; Value = "None"; VariantName = "[No Variations]"
Add component (AddParameter): Name = "Price"; Value = "None"; VariantName = "[No Variations]"
Add component (AddParameter): Name = "SnapEDA_Link"; Value = "https://www.snapeda.com/parts/796740-3/TE%20Connectivity%20AMP%20Connectors/view-part/2375679/?ref=snap"; VariantName = "[No Variations]"
Add component (AddParameter): Name = "Value"; Value = ""; VariantName = "[No Variations]"
Added Component: Designator=SW1(418117170908)
Add component (AddParameter): Name = "Actuator Type"; Value = "Flat Type"; VariantName = "[No Variations]"
Add component (AddParameter): Name = "Category"; Value = "Dip Switches"; VariantName = "[No Variations]"
Add component (AddParameter): Name = "ComponentLink1Description"; Value = "Website Link"; VariantName = "[No Variations]"
Add component (AddParameter): Name = "ComponentLink1URL"; Value = "https://www.we-online.com/redexpert/article/418117170908?ad"; VariantName = "[No Variations]"
Add component (AddParameter): Name = "ComponentLink2Description"; Value = "Datasheet Link"; VariantName = "[No Variations]"
Add component (AddParameter): Name = "ComponentLink2URL"; Value = "https://www.we-online.com/redexpert/spec/418117170908?ad"; VariantName = "[No Variations]"
Add component (AddParameter): Name = "Contact Material"; Value = "Copper Alloy"; VariantName = "[No Variations]"
Add component (AddParameter): Name = "Contact Plating"; Value = "Gold"; VariantName = "[No Variations]"
Add component (AddParameter): Name = "Manufacturer"; Value = "Wurth Elektronik"; VariantName = "[No Variations]"
Add component (AddParameter): Name = "Manufacturer Part Number"; Value = "418117170908"; VariantName = "[No Variations]"
Add component (AddParameter): Name = "Match Code"; Value = "WS-DITV"; VariantName = "[No Variations]"
Add component (AddParameter): Name = "Mount"; Value = "Through Hole"; VariantName = "[No Variations]"
Add component (AddParameter): Name = "Number of Poles"; Value = "8"; VariantName = "[No Variations]"
Add component (AddParameter): Name = "Operating Temperature Max"; Value = "85°C"; VariantName = "[No Variations]"
Add component (AddParameter): Name = "Operating Temperature Min"; Value = "-40°C"; VariantName = "[No Variations]"
Add component (AddParameter): Name = "Operation Force"; Value = "800g"; VariantName = "[No Variations]"
Add component (AddParameter): Name = "Packaging"; Value = "Tube"; VariantName = "[No Variations]"
Add component (AddParameter): Name = "Pitch"; Value = "2.54mm"; VariantName = "[No Variations]"
Add component (AddParameter): Name = "Rated Current Non-Switching"; Value = "100mA"; VariantName = "[No Variations]"
Add component (AddParameter): Name = "Rated Current Switching"; Value = "25mA"; VariantName = "[No Variations]"
Add component (AddParameter): Name = "Rated Voltage Non-Switching"; Value = "50VDC"; VariantName = "[No Variations]"
Add component (AddParameter): Name = "Rated Voltage Switching"; Value = "24VDC"; VariantName = "[No Variations]"
Added Pin To Net: NetName=SDA Pin=J1-1
Added Pin To Net: NetName=SCL Pin=J1-2
Added Pin To Net: NetName=5V Pin=J2-1
Added Pin To Net: NetName=3V3 Pin=J2-2
Added Pin To Net: NetName=GND Pin=J2-3
Added Pin To Net: NetName=PA10 Pin=SW1-1
Added Pin To Net: NetName=PA9 Pin=SW1-2
Added Pin To Net: NetName=PA8 Pin=SW1-3
Added Pin To Net: NetName=PB15 Pin=SW1-4
Added Pin To Net: NetName=PB14 Pin=SW1-5
Added Pin To Net: NetName=PB13 Pin=SW1-6
Added Pin To Net: NetName=PB12 Pin=SW1-7
Added Pin To Net: NetName=PB11 Pin=SW1-8
Added Pin To Net: NetName=GND Pin=SW1-9
Added Pin To Net: NetName=GND Pin=SW1-10
Added Pin To Net: NetName=GND Pin=SW1-11
Added Pin To Net: NetName=GND Pin=SW1-12
Added Pin To Net: NetName=GND Pin=SW1-13
Added Pin To Net: NetName=GND Pin=SW1-14
Added Pin To Net: NetName=GND Pin=SW1-15
Added Pin To Net: NetName=GND Pin=SW1-16
Added Member To Class: ClassName=Node_Schematic Member=Component J1 DOMINO_2P
Added Member To Class: ClassName=Node_Schematic Member=Component J2 796740-3
Added Member To Class: ClassName=Node_Schematic Member=Component SW1 418117170908
