Removed Pin From Net: NetName=SCL Pin=J1-1
Removed Pin From Net: NetName=SDA Pin=J1-2
Removed Pin From Net: NetName=5V Pin=J2-1
Removed Pin From Net: NetName=3V3 Pin=J2-2
Removed Pin From Net: NetName=GND Pin=J2-3
Removed Pin From Net: NetName=12V Pin=U2-1
Removed Pin From Net: NetName=NetD1_2 Pin=U2-2
Removed Pin From Net: NetName=GND Pin=U2-3
Removed Pin From Net: NetName=5V Pin=U2-4
Removed Pin From Net: NetName=GND Pin=U2-5
Removed Pin From Net: NetName=GND Pin=U2-6
Removed Pin From Net: NetName=12V Pin=U3-1
Removed Pin From Net: NetName=NetD2_2 Pin=U3-2
Removed Pin From Net: NetName=GND Pin=U3-3
Removed Pin From Net: NetName=3V3 Pin=U3-4
Removed Pin From Net: NetName=GND Pin=U3-5
Removed Pin From Net: NetName=GND Pin=U3-6
Removed Pin From Net: NetName=PC14 Pin=Y1-1
Removed Pin From Net: NetName=PC15 Pin=Y1-4
Removed Pin From Net: NetName=OSCOUT Pin=Y2-1
Removed Pin From Net: NetName=OSCIN Pin=Y2-2
Removed Member From Class: ClassName=Node_Schematic Member=J1
Removed Member From Class: ClassName=Node_Schematic Member=J2
Removed Member From Class: ClassName=Node_Schematic Member=U2
Removed Member From Class: ClassName=Node_Schematic Member=U3
Removed Member From Class: ClassName=Node_Schematic Member=Y1
Removed Member From Class: ClassName=Node_Schematic Member=Y2
Change Component Footprint: Designator=LS1 Old Footprint=FP-MCKPX-G1203A-K4056-MFG New Footprint=CUI_CEM-1203(42)
Change Component Footprint: Designator=R15 Old Footprint=tro smd 0805 New Footprint=tro smd 1206
Change Component Footprint: Designator=R1 Old Footprint=tro vach 1/4w New Footprint=Tro SMD 0805
Change Component Footprint: Designator=R5 Old Footprint=tro vach 1/4w New Footprint=Tro SMD 0805
Change Component Footprint: Designator=R11 Old Footprint=tro vach 1/4w New Footprint=tro smd 0805
Change Component Footprint: Designator=R12 Old Footprint=tro vach 1/4w New Footprint=tro smd 0805
Change Component Footprint: Designator=R2 Old Footprint=tro vach 1/4w New Footprint=tro smd 1206
Change Component Footprint: Designator=R3 Old Footprint=tro vach 1/4w New Footprint=tro smd 1206
Change Component Footprint: Designator=R4 Old Footprint=tro vach 1/4w New Footprint=tro smd 1206
Change Component Footprint: Designator=R9 Old Footprint=tro vach 1/4w New Footprint=tro smd 1206
Change Component Footprint: Designator=R10 Old Footprint=tro vach 1/4w New Footprint=tro smd 2010
Change Component Footprint: Designator=C5 Old Footprint=tu gom New Footprint=tu 0805
Change Component Footprint: Designator=C6 Old Footprint=tu gom New Footprint=tu 0805
Change Component Footprint: Designator=C7 Old Footprint=tu gom New Footprint=tu 0805
Change Component Footprint: Designator=C10 Old Footprint=tu gom New Footprint=tu 0805
Change Component Footprint: Designator=C11 Old Footprint=tu gom New Footprint=tu 0805
Change Component Footprint: Designator=C13 Old Footprint=tu gom New Footprint=tu 0805
Change Component Footprint: Designator=C9 Old Footprint=tu hoa 5mm New Footprint=tu tantalum smd7343
Change Component Footprint: Designator=C12 Old Footprint=tu hoa 5mm New Footprint=tu tantalum smd7343
Change Component Footprint: Designator=C1 Old Footprint=tu tantalum dip5.08 New Footprint=tu 0603
Change Component Footprint: Designator=C2 Old Footprint=tu tantalum dip5.08 New Footprint=tu 0603
Change Component Footprint: Designator=C3 Old Footprint=tu tantalum dip5.08 New Footprint=tu 0603
Change Component Footprint: Designator=C4 Old Footprint=tu tantalum dip5.08 New Footprint=tu 0603
Change Component Comment : Designator=R15 Old Comment=4.7R New Comment=4.7k
Change Component Comment : Designator=R1 Old Comment=510R New Comment=510k
Change Component Comment : Designator=R5 Old Comment=510R New Comment=510k
Change component parameters: Designator = "C9" ("C9"); Footprint = "tu hoa 5mm"; UniqueID = "\NNPCWCGM" ("\NNPCWCGM")
Change component parameters (AddParameter): Name = "Chung_Loai"; Value = "Dán"; VariantName = "[No Variations]"
Change component parameters (AddParameter): Name = "Don_Vi"; Value = "Con"; VariantName = "[No Variations]"
Change component parameters (AddParameter): Name = "Kieu_Chan"; Value = ""; VariantName = "[No Variations]"
Change component parameters (AddParameter): Name = "Ma_Hang"; Value = "MH002347"; VariantName = "[No Variations]"
Change component parameters (AddParameter): Name = "So_Chan"; Value = "2"; VariantName = "[No Variations]"
Change component parameters (AddParameter): Name = "Ten_Linh_Kien"; Value = "T? tantalum 107E-100uF 25V SMD7343"; VariantName = "[No Variations]"
Change component parameters: Designator = "C12" ("C12"); Footprint = "tu hoa 5mm"; UniqueID = "\DHSXXPYZ" ("\DHSXXPYZ")
Change component parameters (AddParameter): Name = "Chung_Loai"; Value = "Dán"; VariantName = "[No Variations]"
Change component parameters (AddParameter): Name = "Don_Vi"; Value = "Con"; VariantName = "[No Variations]"
Change component parameters (AddParameter): Name = "Kieu_Chan"; Value = ""; VariantName = "[No Variations]"
Change component parameters (AddParameter): Name = "Ma_Hang"; Value = "MH002347"; VariantName = "[No Variations]"
Change component parameters (AddParameter): Name = "So_Chan"; Value = "2"; VariantName = "[No Variations]"
Change component parameters (AddParameter): Name = "Ten_Linh_Kien"; Value = "T? tantalum 107E-100uF 25V SMD7343"; VariantName = "[No Variations]"
Change component parameters: Designator = "R1" ("R1"); Footprint = "tro vach 1/4w"; UniqueID = "\QHTHPQDM" ("\QHTHPQDM")
Change component parameters (AddParameter): Name = "Chung_Loai"; Value = "Dán"; VariantName = "[No Variations]"
Change component parameters (AddParameter): Name = "Don_Vi"; Value = "Con"; VariantName = "[No Variations]"
Change component parameters (AddParameter): Name = "Kieu_Chan"; Value = ""; VariantName = "[No Variations]"
Change component parameters (AddParameter): Name = "Ma_Hang"; Value = "MH007566"; VariantName = "[No Variations]"
Change component parameters (AddParameter): Name = "So_Chan"; Value = "2"; VariantName = "[No Variations]"
Change component parameters (AddParameter): Name = "Ten_Linh_Kien"; Value = "Tr? 0805 5% 510k"; VariantName = "[No Variations]"
Change component parameters: Designator = "R2" ("R2"); Footprint = "tro vach 1/4w"; UniqueID = "\GNNYXPKN" ("\GNNYXPKN")
Change component parameters (AddParameter): Name = "Chung_Loai"; Value = "Dán"; VariantName = "[No Variations]"
Change component parameters (AddParameter): Name = "Don_Vi"; Value = "Con"; VariantName = "[No Variations]"
Change component parameters (AddParameter): Name = "Kieu_Chan"; Value = ""; VariantName = "[No Variations]"
Change component parameters (AddParameter): Name = "Ma_Hang"; Value = "MH005921"; VariantName = "[No Variations]"
Change component parameters (AddParameter): Name = "So_Chan"; Value = "2"; VariantName = "[No Variations]"
Change component parameters (AddParameter): Name = "Ten_Linh_Kien"; Value = "Tr? 1206 5% 100k"; VariantName = "[No Variations]"
Change component parameters: Designator = "R3" ("R3"); Footprint = "tro vach 1/4w"; UniqueID = "\THVDZVFY" ("\THVDZVFY")
Change component parameters (AddParameter): Name = "Chung_Loai"; Value = "Dán"; VariantName = "[No Variations]"
Change component parameters (AddParameter): Name = "Don_Vi"; Value = "Con"; VariantName = "[No Variations]"
Change component parameters (AddParameter): Name = "Kieu_Chan"; Value = ""; VariantName = "[No Variations]"
Change component parameters (AddParameter): Name = "Ma_Hang"; Value = "MH005921"; VariantName = "[No Variations]"
Change component parameters (AddParameter): Name = "So_Chan"; Value = "2"; VariantName = "[No Variations]"
Change component parameters (AddParameter): Name = "Ten_Linh_Kien"; Value = "Tr? 1206 5% 100k"; VariantName = "[No Variations]"
Change component parameters: Designator = "R4" ("R4"); Footprint = "tro vach 1/4w"; UniqueID = "\YENLKYXD" ("\YENLKYXD")
Change component parameters (AddParameter): Name = "Chung_Loai"; Value = "Dán"; VariantName = "[No Variations]"
Change component parameters (AddParameter): Name = "Don_Vi"; Value = "Con"; VariantName = "[No Variations]"
Change component parameters (AddParameter): Name = "Kieu_Chan"; Value = ""; VariantName = "[No Variations]"
Change component parameters (AddParameter): Name = "Ma_Hang"; Value = "MH005895"; VariantName = "[No Variations]"
Change component parameters (AddParameter): Name = "So_Chan"; Value = "2"; VariantName = "[No Variations]"
Change component parameters (AddParameter): Name = "Ten_Linh_Kien"; Value = "Tr? 1206 1% 200R"; VariantName = "[No Variations]"
Change component parameters: Designator = "R5" ("R5"); Footprint = "tro vach 1/4w"; UniqueID = "\DWLLTLCA" ("\DWLLTLCA")
Change component parameters (AddParameter): Name = "Chung_Loai"; Value = "Dán"; VariantName = "[No Variations]"
Change component parameters (AddParameter): Name = "Don_Vi"; Value = "Con"; VariantName = "[No Variations]"
Change component parameters (AddParameter): Name = "Kieu_Chan"; Value = ""; VariantName = "[No Variations]"
Change component parameters (AddParameter): Name = "Ma_Hang"; Value = "MH007566"; VariantName = "[No Variations]"
Change component parameters (AddParameter): Name = "So_Chan"; Value = "2"; VariantName = "[No Variations]"
Change component parameters (AddParameter): Name = "Ten_Linh_Kien"; Value = "Tr? 0805 5% 510k"; VariantName = "[No Variations]"
Change component parameters: Designator = "R10" ("R10"); Footprint = "tro vach 1/4w"; UniqueID = "\IVQAUOGG" ("\IVQAUOGG")
Change component parameters (AddParameter): Name = "Chung_Loai"; Value = "Dán"; VariantName = "[No Variations]"
Change component parameters (AddParameter): Name = "Don_Vi"; Value = "Con"; VariantName = "[No Variations]"
Change component parameters (AddParameter): Name = "Kieu_Chan"; Value = ""; VariantName = "[No Variations]"
Change component parameters (AddParameter): Name = "Ma_Hang"; Value = "MH005617"; VariantName = "[No Variations]"
Change component parameters (AddParameter): Name = "So_Chan"; Value = "2"; VariantName = "[No Variations]"
Change component parameters (AddParameter): Name = "Ten_Linh_Kien"; Value = "Tr? 2010 5% 103-10k"; VariantName = "[No Variations]"
Change component parameters: Designator = "R11" ("R11"); Footprint = "tro vach 1/4w"; UniqueID = "\NGBXZDKY" ("\NGBXZDKY")
Change component parameters (AddParameter): Name = "Chung_Loai"; Value = "Dán"; VariantName = "[No Variations]"
Change component parameters (AddParameter): Name = "Don_Vi"; Value = "Con"; VariantName = "[No Variations]"
Change component parameters (AddParameter): Name = "Kieu_Chan"; Value = ""; VariantName = "[No Variations]"
Change component parameters (AddParameter): Name = "Ma_Hang"; Value = "MH005232"; VariantName = "[No Variations]"
Change component parameters (AddParameter): Name = "So_Chan"; Value = "2"; VariantName = "[No Variations]"
Change component parameters (AddParameter): Name = "Ten_Linh_Kien"; Value = "Tr? 0805 5% 1.5k"; VariantName = "[No Variations]"
Change component parameters: Designator = "R12" ("R12"); Footprint = "tro vach 1/4w"; UniqueID = "\ZBNZNWTX" ("\ZBNZNWTX")
Change component parameters (AddParameter): Name = "Chung_Loai"; Value = "Dán"; VariantName = "[No Variations]"
Change component parameters (AddParameter): Name = "Don_Vi"; Value = "Con"; VariantName = "[No Variations]"
Change component parameters (AddParameter): Name = "Kieu_Chan"; Value = ""; VariantName = "[No Variations]"
Change component parameters (AddParameter): Name = "Ma_Hang"; Value = "MH005232"; VariantName = "[No Variations]"
Change component parameters (AddParameter): Name = "So_Chan"; Value = "2"; VariantName = "[No Variations]"
Change component parameters (AddParameter): Name = "Ten_Linh_Kien"; Value = "Tr? 0805 5% 1.5k"; VariantName = "[No Variations]"
Change component parameters: Designator = "R15" ("R15"); Footprint = "tro smd 0805"; UniqueID = "\EWBJLIEZ" ("\EWBJLIEZ")
Change component parameters (AddParameter): Name = "Chung_Loai"; Value = "Dán"; VariantName = "[No Variations]"
Change component parameters (AddParameter): Name = "Don_Vi"; Value = "Con"; VariantName = "[No Variations]"
Change component parameters (AddParameter): Name = "Kieu_Chan"; Value = ""; VariantName = "[No Variations]"
Change component parameters (AddParameter): Name = "Ma_Hang"; Value = "MH005908"; VariantName = "[No Variations]"
Change component parameters (AddParameter): Name = "So_Chan"; Value = "2"; VariantName = "[No Variations]"
Change component parameters (AddParameter): Name = "Ten_Linh_Kien"; Value = "Tr? 1206 5% 4.7k"; VariantName = "[No Variations]"
Change component parameters: Designator = "R9" ("R9"); Footprint = "tro vach 1/4w"; UniqueID = "\CRAEZIZP" ("\CRAEZIZP")
Change component parameters (AddParameter): Name = "Chung_Loai"; Value = "Dán"; VariantName = "[No Variations]"
Change component parameters (AddParameter): Name = "Don_Vi"; Value = "Con"; VariantName = "[No Variations]"
Change component parameters (AddParameter): Name = "Kieu_Chan"; Value = ""; VariantName = "[No Variations]"
Change component parameters (AddParameter): Name = "Ma_Hang"; Value = "MH005881"; VariantName = "[No Variations]"
Change component parameters (AddParameter): Name = "So_Chan"; Value = "2"; VariantName = "[No Variations]"
Change component parameters (AddParameter): Name = "Ten_Linh_Kien"; Value = "Tr? 1206 1% 1M"; VariantName = "[No Variations]"
Change component parameters: Designator = "C1" ("C1"); Footprint = "tu tantalum dip5.08"; UniqueID = "\PJUMJUWM" ("\PJUMJUWM")
Change component parameters (AddParameter): Name = "Chung_Loai"; Value = "Dán"; VariantName = "[No Variations]"
Change component parameters (AddParameter): Name = "Don_Vi"; Value = "Con"; VariantName = "[No Variations]"
Change component parameters (AddParameter): Name = "Kieu_Chan"; Value = ""; VariantName = "[No Variations]"
Change component parameters (AddParameter): Name = "Ma_Hang"; Value = "MH004568"; VariantName = "[No Variations]"
Change component parameters (AddParameter): Name = "So_Chan"; Value = "2"; VariantName = "[No Variations]"
Change component parameters (AddParameter): Name = "Ten_Linh_Kien"; Value = "T? 0603 104-100nF 10% 50V"; VariantName = "[No Variations]"
Change component parameters: Designator = "C2" ("C2"); Footprint = "tu tantalum dip5.08"; UniqueID = "\LIJKDTUR" ("\LIJKDTUR")
Change component parameters (AddParameter): Name = "Chung_Loai"; Value = "Dán"; VariantName = "[No Variations]"
Change component parameters (AddParameter): Name = "Don_Vi"; Value = "Con"; VariantName = "[No Variations]"
Change component parameters (AddParameter): Name = "Kieu_Chan"; Value = ""; VariantName = "[No Variations]"
Change component parameters (AddParameter): Name = "Ma_Hang"; Value = "MH004568"; VariantName = "[No Variations]"
Change component parameters (AddParameter): Name = "So_Chan"; Value = "2"; VariantName = "[No Variations]"
Change component parameters (AddParameter): Name = "Ten_Linh_Kien"; Value = "T? 0603 104-100nF 10% 50V"; VariantName = "[No Variations]"
Change component parameters: Designator = "C3" ("C3"); Footprint = "tu tantalum dip5.08"; UniqueID = "\ULUXAKZD" ("\ULUXAKZD")
Change component parameters (AddParameter): Name = "Chung_Loai"; Value = "Dán"; VariantName = "[No Variations]"
Change component parameters (AddParameter): Name = "Don_Vi"; Value = "Con"; VariantName = "[No Variations]"
Change component parameters (AddParameter): Name = "Kieu_Chan"; Value = ""; VariantName = "[No Variations]"
Change component parameters (AddParameter): Name = "Ma_Hang"; Value = "MH004568"; VariantName = "[No Variations]"
Change component parameters (AddParameter): Name = "So_Chan"; Value = "2"; VariantName = "[No Variations]"
Change component parameters (AddParameter): Name = "Ten_Linh_Kien"; Value = "T? 0603 104-100nF 10% 50V"; VariantName = "[No Variations]"
Change component parameters: Designator = "C4" ("C4"); Footprint = "tu tantalum dip5.08"; UniqueID = "\OTGNHENS" ("\OTGNHENS")
Change component parameters (AddParameter): Name = "Chung_Loai"; Value = "Dán"; VariantName = "[No Variations]"
Change component parameters (AddParameter): Name = "Don_Vi"; Value = "Con"; VariantName = "[No Variations]"
Change component parameters (AddParameter): Name = "Kieu_Chan"; Value = ""; VariantName = "[No Variations]"
Change component parameters (AddParameter): Name = "Ma_Hang"; Value = "MH004568"; VariantName = "[No Variations]"
Change component parameters (AddParameter): Name = "So_Chan"; Value = "2"; VariantName = "[No Variations]"
Change component parameters (AddParameter): Name = "Ten_Linh_Kien"; Value = "T? 0603 104-100nF 10% 50V"; VariantName = "[No Variations]"
Added Pin To Net: NetName=12V Pin=JACK DC?-1
Added Pin To Net: NetName=GND Pin=LS1-N
Added Pin To Net: NetName=PB1 Pin=LS1-P
Added Pin To Net: NetName=MISO Pin=PLUG-06
