Removed Pin From Net: NetName=5V Pin=DHT11-1
Removed Pin From Net: NetName=PA3 Pin=DHT11-2
Removed Pin From Net: NetName=MISO Pin=LORA RA-02-1
Removed Pin From Net: NetName=SCK Pin=LORA RA-02-2
Removed Pin From Net: NetName=RST Pin=LORA RA-02-3
Removed Pin From Net: NetName=GND Pin=LORA RA-02-4
Removed Pin From Net: NetName=3V3 Pin=LORA RA-02-5
Removed Pin From Net: NetName=NSS Pin=LORA RA-02-6
Removed Pin From Net: NetName=MOSI Pin=LORA RA-02-7
Removed Pin From Net: NetName=D0 Pin=LORA RA-02-8
Removed Pin From Net: NetName=5V Pin=MQ135-1
Removed Pin From Net: NetName=PA1 Pin=MQ135-4
Removed Pin From Net: NetName=5V Pin=MQ136-1
Removed Pin From Net: NetName=PA2 Pin=MQ136-4
Removed Pin From Net: NetName=GND Pin=Q1-1
Removed Pin From Net: NetName=GND Pin=Q2-1
Removed Pin From Net: NetName=GND Pin=Q3-1
Removed Pin From Net: NetName=PB3 Pin=R6-1
Removed Pin From Net: NetName=PB4 Pin=R7-1
Removed Pin From Net: NetName=PB5 Pin=R8-1
Removed Member From Class: ClassName=Node_Schematic Member=DHT11
Removed Member From Class: ClassName=Node_Schematic Member=LORA RA-02
Removed Member From Class: ClassName=Node_Schematic Member=MQ135
Removed Member From Class: ClassName=Node_Schematic Member=MQ136
Removed Member From Class: ClassName=Node_Schematic Member=Q1
Removed Member From Class: ClassName=Node_Schematic Member=Q2
Removed Member From Class: ClassName=Node_Schematic Member=Q3
Removed Member From Class: ClassName=Node_Schematic Member=R6
Removed Member From Class: ClassName=Node_Schematic Member=R7
Removed Member From Class: ClassName=Node_Schematic Member=R8
Change Component Designator: OldDesignator=32 NewDesignator=J2
Change Component Designator: OldDesignator=BOOT NewDesignator=P1
Change Component Designator: OldDesignator=BUZZER NewDesignator=LS1
Change Component Designator: OldDesignator=DIP 8 NewDesignator=SW1
Change Component Designator: OldDesignator=I2C NewDesignator=J1
Change Component Designator: OldDesignator=JDC NewDesignator=JDC?
Change Component Designator: OldDesignator=JLINK NewDesignator=P2
Change Component Designator: OldDesignator=RESET NewDesignator=BT1
Change Component Designator: OldDesignator=STM32 NewDesignator=U1
Added Component: Designator=GND(SAMTEC_MTSW-103-08-G-S-236)
Add component (AddParameter): Name = "Availability"; Value = "Unavailable"; VariantName = "[No Variations]"
Add component (AddParameter): Name = "MF"; Value = ""; VariantName = "[No Variations]"
Add component (AddParameter): Name = "MP"; Value = "MTSW-103-08-G-S-236"; VariantName = "[No Variations]"
Add component (AddParameter): Name = "Package"; Value = "None"; VariantName = "[No Variations]"
Add component (AddParameter): Name = "Price"; Value = "None"; VariantName = "[No Variations]"
Add component (AddParameter): Name = "Value"; Value = ""; VariantName = "[No Variations]"
Added Component: Designator=JP?(JP 1x7 CT)
Add component (AddParameter): Name = "Chung_Loai"; Value = "C?m"; VariantName = "[No Variations]"
Add component (AddParameter): Name = "Don_Vi"; Value = "Con"; VariantName = "[No Variations]"
Add component (AddParameter): Name = "Ghi_Chu"; Value = ""; VariantName = "[No Variations]"
Add component (AddParameter): Name = "Kieu_Chan"; Value = ""; VariantName = "[No Variations]"
Add component (AddParameter): Name = "Ma_Hang"; Value = "MH004006"; VariantName = "[No Variations]"
Add component (AddParameter): Name = "Ten_Linh_Kien"; Value = "Jump Ðõn Cái 2.54MM 1x20P Th?ng"; VariantName = "[No Variations]"
Added Component: Designator=PLUG1(SAMTEC_TSW-109-14-G-S)
Add component (AddParameter): Name = "Check_prices"; Value = "https://www.snapeda.com/parts/TSW-109-14-G-S/Samtec/view-part/?ref=eda"; VariantName = "[No Variations]"
Add component (AddParameter): Name = "MF"; Value = "Samtec"; VariantName = "[No Variations]"
Add component (AddParameter): Name = "MP"; Value = "TSW-109-14-G-S"; VariantName = "[No Variations]"
Add component (AddParameter): Name = "Package"; Value = "None"; VariantName = "[No Variations]"
Add component (AddParameter): Name = "SnapEDA_Link"; Value = "https://www.snapeda.com/parts/TSW-109-14-G-S/Samtec/view-part/?ref=snap"; VariantName = "[No Variations]"
Add component (AddParameter): Name = "Value"; Value = ""; VariantName = "[No Variations]"
Added Component: Designator=PLUG(SAMTEC_MTLW-108-07-S-S-250)
Add component (AddParameter): Name = "Availability"; Value = "Unavailable"; VariantName = "[No Variations]"
Add component (AddParameter): Name = "MF"; Value = ""; VariantName = "[No Variations]"
Add component (AddParameter): Name = "MP"; Value = "MTLW-108-07-S-S-250"; VariantName = "[No Variations]"
Add component (AddParameter): Name = "Package"; Value = "None"; VariantName = "[No Variations]"
Add component (AddParameter): Name = "Price"; Value = "None"; VariantName = "[No Variations]"
Add component (AddParameter): Name = "Value"; Value = ""; VariantName = "[No Variations]"
Added Component: Designator=R13(tro smd 1206)
Add component (AddParameter): Name = "Chung_Loai"; Value = "Dán"; VariantName = "[No Variations]"
Add component (AddParameter): Name = "Don_Vi"; Value = "Con"; VariantName = "[No Variations]"
Add component (AddParameter): Name = "Kieu_Chan"; Value = ""; VariantName = "[No Variations]"
Add component (AddParameter): Name = "Ma_Hang"; Value = "MH005911"; VariantName = "[No Variations]"
Add component (AddParameter): Name = "So_Chan"; Value = "2"; VariantName = "[No Variations]"
Add component (AddParameter): Name = "Ten_Linh_Kien"; Value = "Tr? 1206 5% 20R"; VariantName = "[No Variations]"
Added Component: Designator=R14(tro smd 1206)
Add component (AddParameter): Name = "Chung_Loai"; Value = "Dán"; VariantName = "[No Variations]"
Add component (AddParameter): Name = "Don_Vi"; Value = "Con"; VariantName = "[No Variations]"
Add component (AddParameter): Name = "Kieu_Chan"; Value = ""; VariantName = "[No Variations]"
Add component (AddParameter): Name = "Ma_Hang"; Value = "MH005911"; VariantName = "[No Variations]"
Add component (AddParameter): Name = "So_Chan"; Value = "2"; VariantName = "[No Variations]"
Add component (AddParameter): Name = "Ten_Linh_Kien"; Value = "Tr? 1206 5% 20R"; VariantName = "[No Variations]"
Added Component: Designator=R15(tro smd 0805)
Add component (AddParameter): Name = "Chung_Loai"; Value = "Dán"; VariantName = "[No Variations]"
Add component (AddParameter): Name = "Don_Vi"; Value = "Con"; VariantName = "[No Variations]"
Add component (AddParameter): Name = "Kieu_Chan"; Value = ""; VariantName = "[No Variations]"
Add component (AddParameter): Name = "Ma_Hang"; Value = "MH005309"; VariantName = "[No Variations]"
Add component (AddParameter): Name = "So_Chan"; Value = "2"; VariantName = "[No Variations]"
Add component (AddParameter): Name = "Ten_Linh_Kien"; Value = "Tr? 0805 5% 4.7R"; VariantName = "[No Variations]"
Added Component: Designator=USB1(USB Micro 5p SMD)
Add component (AddParameter): Name = "Ma_Hang"; Value = "MH001020"; VariantName = "[No Variations]"
Add component (AddParameter): Name = "Ten"; Value = "MicroUSB MK5P SMD"; VariantName = "[No Variations]"
Added Component: Designator=VCC(SAMTEC_MTSW-103-08-G-S-236)
Add component (AddParameter): Name = "Availability"; Value = "Unavailable"; VariantName = "[No Variations]"
Add component (AddParameter): Name = "MF"; Value = ""; VariantName = "[No Variations]"
Add component (AddParameter): Name = "MP"; Value = "MTSW-103-08-G-S-236"; VariantName = "[No Variations]"
Add component (AddParameter): Name = "Package"; Value = "None"; VariantName = "[No Variations]"
Add component (AddParameter): Name = "Price"; Value = "None"; VariantName = "[No Variations]"
Add component (AddParameter): Name = "Value"; Value = ""; VariantName = "[No Variations]"
Added Pin To Net: NetName=GND Pin=GND-01
Added Pin To Net: NetName=GND Pin=GND-02
Added Pin To Net: NetName=GND Pin=GND-03
Added Pin To Net: NetName=PB9 Pin=JP?-1
Added Pin To Net: NetName=PA9 Pin=JP?-3
Added Pin To Net: NetName=PA10 Pin=JP?-4
Added Pin To Net: NetName=PA0 Pin=JP?-5
Added Pin To Net: NetName=3V3 Pin=JP?-6
Added Pin To Net: NetName=GND Pin=JP?-7
Added Pin To Net: NetName=5V Pin=PLUG1-01
Added Pin To Net: NetName=PB1 Pin=PLUG1-05
Added Pin To Net: NetName=PB3 Pin=PLUG1-06
Added Pin To Net: NetName=PB4 Pin=PLUG1-07
Added Pin To Net: NetName=PB5 Pin=PLUG1-08
Added Pin To Net: NetName=GND Pin=PLUG1-09
Added Pin To Net: NetName=5V Pin=PLUG-01
Added Pin To Net: NetName=PA1 Pin=PLUG-02
Added Pin To Net: NetName=PA2 Pin=PLUG-03
Added Pin To Net: NetName=PA3 Pin=PLUG-04
Added Pin To Net: NetName=MISO Pin=PLUG-06
Added Pin To Net: NetName=MOSI Pin=PLUG-07
Added Pin To Net: NetName=GND Pin=PLUG-08
Added Pin To Net: NetName=PA10 Pin=R13-2
Added Pin To Net: NetName=PA12 Pin=R14-2
Added Pin To Net: NetName=5V Pin=R15-1
Added Pin To Net: NetName=PA12 Pin=R15-2
Added Pin To Net: NetName=5V Pin=USB1-1
Added Pin To Net: NetName=GND Pin=USB1-4
Added Pin To Net: NetName=GND Pin=USB1-5
Added Pin To Net: NetName=GND Pin=USB1-5
Added Pin To Net: NetName=GND Pin=USB1-5
Added Pin To Net: NetName=3V3 Pin=VCC-01
Added Pin To Net: NetName=5V Pin=VCC-02
Added Pin To Net: NetName=5V Pin=VCC-03
Added Pin To Net: NetName=NetR13_1 Pin=R13-1
Added Pin To Net: NetName=NetR13_1 Pin=USB1-2
Added Net: Name=NetR13_1
Added Pin To Net: NetName=NetR14_1 Pin=R14-1
Added Pin To Net: NetName=NetR14_1 Pin=USB1-3
Added Net: Name=NetR14_1
Added Pin To Net: NetName=PA4 Pin=PLUG-05
Added Net: Name=PA4
Added Pin To Net: NetName=PA7 Pin=PLUG1-02
Added Net: Name=PA7
Added Pin To Net: NetName=PA15 Pin=PLUG1-03
Added Net: Name=PA15
Added Pin To Net: NetName=PB0 Pin=PLUG1-04
Added Net: Name=PB0
Added Pin To Net: NetName=PB8 Pin=JP?-2
Added Net: Name=PB8
Added Member To Class: ClassName=Node_Schematic Member=Component GND
Added Member To Class: ClassName=Node_Schematic Member=Component JP? LORA 8000M
Added Member To Class: ClassName=Node_Schematic Member=Component PLUG1 HEADER_7RELAY
Added Member To Class: ClassName=Node_Schematic Member=Component PLUG HEADER_6RELAY
Added Member To Class: ClassName=Node_Schematic Member=Component R13 20R
Added Member To Class: ClassName=Node_Schematic Member=Component R14 20R
Added Member To Class: ClassName=Node_Schematic Member=Component R15 4.7R
Added Member To Class: ClassName=Node_Schematic Member=Component USB1 USB Micro 5p SMD
Added Member To Class: ClassName=Node_Schematic Member=Component VCC 3V3-5V
Added Room: Name=Node_Schematic
