Added Component: Designator=Y1(XTAL_ABS25-32.768KHZ-6-1-T)
Add component (AddParameter): Name = "Availability"; Value = "Unavailable"; VariantName = "[No Variations]"
Add component (AddParameter): Name = "MF"; Value = "Abracon LLC"; VariantName = "[No Variations]"
Add component (AddParameter): Name = "MP"; Value = "ABS25-32.768KHZ"; VariantName = "[No Variations]"
Add component (AddParameter): Name = "Package"; Value = "4-4 Abracon LLC"; VariantName = "[No Variations]"
Add component (AddParameter): Name = "Price"; Value = "None"; VariantName = "[No Variations]"
Add component (AddParameter): Name = "SnapEDA_Link"; Value = "https://www.snapeda.com/parts/ABS25-32.768KHZ/Abracon%20LLC/view-part/478888/?ref=snap"; VariantName = "[No Variations]"
Add component (AddParameter): Name = "Value"; Value = ""; VariantName = "[No Variations]"
Added Component: Designator=Y2(XTAL_ABLS-8.000MHZ-B4-T)
Add component (AddParameter): Name = "Check_prices"; Value = "https://www.snapeda.com/parts/ABLS-8.000MHZ-B4-T/Abracon+LLC/view-part/?ref=eda"; VariantName = "[No Variations]"
Add component (AddParameter): Name = "Digi-Key_Part_Number"; Value = "535-10212-2-ND"; VariantName = "[No Variations]"
Add component (AddParameter): Name = "MF"; Value = "Abracon LLC"; VariantName = "[No Variations]"
Add component (AddParameter): Name = "MP"; Value = "ABLS-8.000MHZ-B4-T"; VariantName = "[No Variations]"
Add component (AddParameter): Name = "Package"; Value = "None"; VariantName = "[No Variations]"
Add component (AddParameter): Name = "Purchase-URL"; Value = "https://pricing.snapeda.com/search/part/ABLS-8.000MHZ-B4-T/?ref=eda"; VariantName = "[No Variations]"
Add component (AddParameter): Name = "SnapEDA_Link"; Value = "https://www.snapeda.com/parts/ABLS-8.000MHZ-B4-T/Abracon+LLC/view-part/?ref=snap"; VariantName = "[No Variations]"
Add component (AddParameter): Name = "Value"; Value = ""; VariantName = "[No Variations]"
Added Pin To Net: NetName=MISO Pin=PLUG-06
Added Pin To Net: NetName=PC14 Pin=Y1-1
Added Pin To Net: NetName=PC15 Pin=Y1-4
Added Pin To Net: NetName=OSCOUT Pin=Y2-1
Added Pin To Net: NetName=OSCIN Pin=Y2-2
Added Member To Class: ClassName=Node_Schematic Member=Component Y1 ABS25-32.768KHZ-T
Added Member To Class: ClassName=Node_Schematic Member=Component Y2 8.000MHZ
